Initialize engine version: 5.4.1f1 (649f48bbbf0f)
GfxDevice: creating device client; threaded=1
Direct3D:
    Version:  Direct3D 11.0 [level 11.0]
    Renderer: NVIDIA GeForce GTX 1070 (ID=0x1b81)
    Vendor:   NVIDIA
    VRAM:     3072 MB
Begin MonoManager ReloadAssembly
Platform assembly: E:\UnityWork\ShaPan\Client\Client_Data\Managed\UnityEngine.dll (this message is harmless)
Loading E:\UnityWork\ShaPan\Client\Client_Data\Managed\UnityEngine.dll into Unity Child Domain
Platform assembly: E:\UnityWork\ShaPan\Client\Client_Data\Managed\Assembly-CSharp-firstpass.dll (this message is harmless)
Loading E:\UnityWork\ShaPan\Client\Client_Data\Managed\Assembly-CSharp-firstpass.dll into Unity Child Domain
Platform assembly: E:\UnityWork\ShaPan\Client\Client_Data\Managed\Assembly-CSharp.dll (this message is harmless)
Loading E:\UnityWork\ShaPan\Client\Client_Data\Managed\Assembly-CSharp.dll into Unity Child Domain
Platform assembly: E:\UnityWork\ShaPan\Client\Client_Data\Managed\Assembly-UnityScript-firstpass.dll (this message is harmless)
Loading E:\UnityWork\ShaPan\Client\Client_Data\Managed\Assembly-UnityScript-firstpass.dll into Unity Child Domain
Platform assembly: E:\UnityWork\ShaPan\Client\Client_Data\Managed\UnityEngine.UI.dll (this message is harmless)
Loading E:\UnityWork\ShaPan\Client\Client_Data\Managed\UnityEngine.UI.dll into Unity Child Domain
Platform assembly: E:\UnityWork\ShaPan\Client\Client_Data\Managed\UnityEngine.Networking.dll (this message is harmless)
Loading E:\UnityWork\ShaPan\Client\Client_Data\Managed\UnityEngine.Networking.dll into Unity Child Domain
Platform assembly: E:\UnityWork\ShaPan\Client\Client_Data\Managed\DOTween.dll (this message is harmless)
Loading E:\UnityWork\ShaPan\Client\Client_Data\Managed\DOTween.dll into Unity Child Domain
Platform assembly: E:\UnityWork\ShaPan\Client\Client_Data\Managed\DOTween43.dll (this message is harmless)
Loading E:\UnityWork\ShaPan\Client\Client_Data\Managed\DOTween43.dll into Unity Child Domain
Platform assembly: E:\UnityWork\ShaPan\Client\Client_Data\Managed\DOTween46.dll (this message is harmless)
Loading E:\UnityWork\ShaPan\Client\Client_Data\Managed\DOTween46.dll into Unity Child Domain
Platform assembly: E:\UnityWork\ShaPan\Client\Client_Data\Managed\DOTween50.dll (this message is harmless)
Loading E:\UnityWork\ShaPan\Client\Client_Data\Managed\DOTween50.dll into Unity Child Domain
Platform assembly: E:\UnityWork\ShaPan\Client\Client_Data\Managed\Glow11.dll (this message is harmless)
Loading E:\UnityWork\ShaPan\Client\Client_Data\Managed\Glow11.dll into Unity Child Domain
- Completed reload, in  0.044 seconds
Platform assembly: E:\UnityWork\ShaPan\Client\Client_Data\Managed\System.Core.dll (this message is harmless)
Platform assembly: E:\UnityWork\ShaPan\Client\Client_Data\Managed\System.dll (this message is harmless)
Platform assembly: E:\UnityWork\ShaPan\Client\Client_Data\Managed\System.Xml.dll (this message is harmless)
desktop: 1920x1080 60Hz; virtual: 1920x1080 at 0,0
<RI> Initializing input.
<RI> Input initialized.
<RI> Initialized touch support.
UnloadTime: 0.577802 ms
IPAddress:127.0.0.1
 
(Filename: C:/buildslave/unity/build/artifacts/generated/common/runtime/UnityEngineDebugBindings.gen.cpp Line: 42)

Port:0
 
(Filename: C:/buildslave/unity/build/artifacts/generated/common/runtime/UnityEngineDebugBindings.gen.cpp Line: 42)

IPAddress:127.0.0.1
 
(Filename: C:/buildslave/unity/build/artifacts/generated/common/runtime/UnityEngineDebugBindings.gen.cpp Line: 42)

Port:9900
 
(Filename: C:/buildslave/unity/build/artifacts/generated/common/runtime/UnityEngineDebugBindings.gen.cpp Line: 42)

NullReferenceException: Object reference not set to an instance of an object
  at EventListener.OnDrag (UnityEngine.EventSystems.PointerEventData eventData) [0x00000] in <filename unknown>:0 
  at UnityEngine.EventSystems.ExecuteEvents.Execute (IDragHandler handler, UnityEngine.EventSystems.BaseEventData eventData) [0x00000] in <filename unknown>:0 
  at UnityEngine.EventSystems.ExecuteEvents.Execute[IDragHandler] (UnityEngine.GameObject target, UnityEngine.EventSystems.BaseEventData eventData, UnityEngine.EventSystems.EventFunction`1 functor) [0x00000] in <filename unknown>:0 
UnityEngine.DebugLogHandler:Internal_LogException(Exception, Object)
UnityEngine.DebugLogHandler:LogException(Exception, Object)
UnityEngine.Logger:LogException(Exception, Object)
UnityEngine.Debug:LogException(Exception)
UnityEngine.EventSystems.ExecuteEvents:Execute(GameObject, BaseEventData, EventFunction`1)
UnityEngine.EventSystems.PointerInputModule:ProcessDrag(PointerEventData)
UnityEngine.EventSystems.StandaloneInputModule:ProcessMouseEvent(Int32)
UnityEngine.EventSystems.StandaloneInputModule:ProcessMouseEvent()
UnityEngine.EventSystems.StandaloneInputModule:Process()
UnityEngine.EventSystems.EventSystem:Update()
 
(Filename:  Line: -1)

NullReferenceException: Object reference not set to an instance of an object
  at EventListener.OnDrag (UnityEngine.EventSystems.PointerEventData eventData) [0x00000] in <filename unknown>:0 
  at UnityEngine.EventSystems.ExecuteEvents.Execute (IDragHandler handler, UnityEngine.EventSystems.BaseEventData eventData) [0x00000] in <filename unknown>:0 
  at UnityEngine.EventSystems.ExecuteEvents.Execute[IDragHandler] (UnityEngine.GameObject target, UnityEngine.EventSystems.BaseEventData eventData, UnityEngine.EventSystems.EventFunction`1 functor) [0x00000] in <filename unknown>:0 
UnityEngine.DebugLogHandler:Internal_LogException(Exception, Object)
UnityEngine.DebugLogHandler:LogException(Exception, Object)
UnityEngine.Logger:LogException(Exception, Object)
UnityEngine.Debug:LogException(Exception)
UnityEngine.EventSystems.ExecuteEvents:Execute(GameObject, BaseEventData, EventFunction`1)
UnityEngine.EventSystems.PointerInputModule:ProcessDrag(PointerEventData)
UnityEngine.EventSystems.StandaloneInputModule:ProcessMouseEvent(Int32)
UnityEngine.EventSystems.StandaloneInputModule:ProcessMouseEvent()
UnityEngine.EventSystems.StandaloneInputModule:Process()
UnityEngine.EventSystems.EventSystem:Update()
 
(Filename:  Line: -1)

NullReferenceException: Object reference not set to an instance of an object
  at EventListener.OnDrag (UnityEngine.EventSystems.PointerEventData eventData) [0x00000] in <filename unknown>:0 
  at UnityEngine.EventSystems.ExecuteEvents.Execute (IDragHandler handler, UnityEngine.EventSystems.BaseEventData eventData) [0x00000] in <filename unknown>:0 
  at UnityEngine.EventSystems.ExecuteEvents.Execute[IDragHandler] (UnityEngine.GameObject target, UnityEngine.EventSystems.BaseEventData eventData, UnityEngine.EventSystems.EventFunction`1 functor) [0x00000] in <filename unknown>:0 
UnityEngine.DebugLogHandler:Internal_LogException(Exception, Object)
UnityEngine.DebugLogHandler:LogException(Exception, Object)
UnityEngine.Logger:LogException(Exception, Object)
UnityEngine.Debug:LogException(Exception)
UnityEngine.EventSystems.ExecuteEvents:Execute(GameObject, BaseEventData, EventFunction`1)
UnityEngine.EventSystems.PointerInputModule:ProcessDrag(PointerEventData)
UnityEngine.EventSystems.StandaloneInputModule:ProcessMouseEvent(Int32)
UnityEngine.EventSystems.StandaloneInputModule:ProcessMouseEvent()
UnityEngine.EventSystems.StandaloneInputModule:Process()
UnityEngine.EventSystems.EventSystem:Update()
 
(Filename:  Line: -1)

NullReferenceException: Object reference not set to an instance of an object
  at EventListener.OnDrag (UnityEngine.EventSystems.PointerEventData eventData) [0x00000] in <filename unknown>:0 
  at UnityEngine.EventSystems.ExecuteEvents.Execute (IDragHandler handler, UnityEngine.EventSystems.BaseEventData eventData) [0x00000] in <filename unknown>:0 
  at UnityEngine.EventSystems.ExecuteEvents.Execute[IDragHandler] (UnityEngine.GameObject target, UnityEngine.EventSystems.BaseEventData eventData, UnityEngine.EventSystems.EventFunction`1 functor) [0x00000] in <filename unknown>:0 
UnityEngine.DebugLogHandler:Internal_LogException(Exception, Object)
UnityEngine.DebugLogHandler:LogException(Exception, Object)
UnityEngine.Logger:LogException(Exception, Object)
UnityEngine.Debug:LogException(Exception)
UnityEngine.EventSystems.ExecuteEvents:Execute(GameObject, BaseEventData, EventFunction`1)
UnityEngine.EventSystems.PointerInputModule:ProcessDrag(PointerEventData)
UnityEngine.EventSystems.StandaloneInputModule:ProcessMouseEvent(Int32)
UnityEngine.EventSystems.StandaloneInputModule:ProcessMouseEvent()
UnityEngine.EventSystems.StandaloneInputModule:Process()
UnityEngine.EventSystems.EventSystem:Update()
 
(Filename:  Line: -1)

NullReferenceException: Object reference not set to an instance of an object
  at EventListener.OnDrag (UnityEngine.EventSystems.PointerEventData eventData) [0x00000] in <filename unknown>:0 
  at UnityEngine.EventSystems.ExecuteEvents.Execute (IDragHandler handler, UnityEngine.EventSystems.BaseEventData eventData) [0x00000] in <filename unknown>:0 
  at UnityEngine.EventSystems.ExecuteEvents.Execute[IDragHandler] (UnityEngine.GameObject target, UnityEngine.EventSystems.BaseEventData eventData, UnityEngine.EventSystems.EventFunction`1 functor) [0x00000] in <filename unknown>:0 
UnityEngine.DebugLogHandler:Internal_LogException(Exception, Object)
UnityEngine.DebugLogHandler:LogException(Exception, Object)
UnityEngine.Logger:LogException(Exception, Object)
UnityEngine.Debug:LogException(Exception)
UnityEngine.EventSystems.ExecuteEvents:Execute(GameObject, BaseEventData, EventFunction`1)
UnityEngine.EventSystems.PointerInputModule:ProcessDrag(PointerEventData)
UnityEngine.EventSystems.StandaloneInputModule:ProcessMouseEvent(Int32)
UnityEngine.EventSystems.StandaloneInputModule:ProcessMouseEvent()
UnityEngine.EventSystems.StandaloneInputModule:Process()
UnityEngine.EventSystems.EventSystem:Update()
 
(Filename:  Line: -1)

DOTWEEN :: An error inside a tween callback was silently taken care of > Array index is out of range.

  at UIController+<HideSecondBtn>c__AnonStorey6.<>m__4 () [0x00000] in <filename unknown>:0 
  at DG.Tweening.Tween.OnTweenCallback (DG.Tweening.TweenCallback callback) [0x00000] in <filename unknown>:0 


 
(Filename: C:/buildslave/unity/build/artifacts/generated/common/runtime/UnityEngineDebugBindings.gen.cpp Line: 42)

DOTWEEN :: An error inside a tween callback was silently taken care of > Array index is out of range.

  at UIController+<HideSecondBtn>c__AnonStorey6.<>m__4 () [0x00000] in <filename unknown>:0 
  at DG.Tweening.Tween.OnTweenCallback (DG.Tweening.TweenCallback callback) [0x00000] in <filename unknown>:0 


 
(Filename: C:/buildslave/unity/build/artifacts/generated/common/runtime/UnityEngineDebugBindings.gen.cpp Line: 42)

DOTWEEN :: An error inside a tween callback was silently taken care of > Array index is out of range.

  at UIController+<HideSecondBtn>c__AnonStorey6.<>m__4 () [0x00000] in <filename unknown>:0 
  at DG.Tweening.Tween.OnTweenCallback (DG.Tweening.TweenCallback callback) [0x00000] in <filename unknown>:0 


 
(Filename: C:/buildslave/unity/build/artifacts/generated/common/runtime/UnityEngineDebugBindings.gen.cpp Line: 42)

DOTWEEN :: An error inside a tween callback was silently taken care of > Array index is out of range.

  at UIController+<HideSecondBtn>c__AnonStorey6.<>m__4 () [0x00000] in <filename unknown>:0 
  at DG.Tweening.Tween.OnTweenCallback (DG.Tweening.TweenCallback callback) [0x00000] in <filename unknown>:0 


 
(Filename: C:/buildslave/unity/build/artifacts/generated/common/runtime/UnityEngineDebugBindings.gen.cpp Line: 42)

DOTWEEN :: An error inside a tween callback was silently taken care of > Array index is out of range.

  at UIController+<HideSecondBtn>c__AnonStorey6.<>m__4 () [0x00000] in <filename unknown>:0 
  at DG.Tweening.Tween.OnTweenCallback (DG.Tweening.TweenCallback callback) [0x00000] in <filename unknown>:0 


 
(Filename: C:/buildslave/unity/build/artifacts/generated/common/runtime/UnityEngineDebugBindings.gen.cpp Line: 42)

DOTWEEN :: An error inside a tween callback was silently taken care of > Array index is out of range.

  at UIController+<HideSecondBtn>c__AnonStorey6.<>m__4 () [0x00000] in <filename unknown>:0 
  at DG.Tweening.Tween.OnTweenCallback (DG.Tweening.TweenCallback callback) [0x00000] in <filename unknown>:0 


 
(Filename: C:/buildslave/unity/build/artifacts/generated/common/runtime/UnityEngineDebugBindings.gen.cpp Line: 42)

DOTWEEN :: An error inside a tween callback was silently taken care of > Array index is out of range.

  at UIController+<HideSecondBtn>c__AnonStorey6.<>m__4 () [0x00000] in <filename unknown>:0 
  at DG.Tweening.Tween.OnTweenCallback (DG.Tweening.TweenCallback callback) [0x00000] in <filename unknown>:0 


 
(Filename: C:/buildslave/unity/build/artifacts/generated/common/runtime/UnityEngineDebugBindings.gen.cpp Line: 42)

DOTWEEN :: An error inside a tween callback was silently taken care of > Array index is out of range.

  at UIController+<HideSecondBtn>c__AnonStorey6.<>m__4 () [0x00000] in <filename unknown>:0 
  at DG.Tweening.Tween.OnTweenCallback (DG.Tweening.TweenCallback callback) [0x00000] in <filename unknown>:0 


 
(Filename: C:/buildslave/unity/build/artifacts/generated/common/runtime/UnityEngineDebugBindings.gen.cpp Line: 42)

DOTWEEN :: An error inside a tween callback was silently taken care of > Array index is out of range.

  at UIController+<HideSecondBtn>c__AnonStorey6.<>m__4 () [0x00000] in <filename unknown>:0 
  at DG.Tweening.Tween.OnTweenCallback (DG.Tweening.TweenCallback callback) [0x00000] in <filename unknown>:0 


 
(Filename: C:/buildslave/unity/build/artifacts/generated/common/runtime/UnityEngineDebugBindings.gen.cpp Line: 42)

DOTWEEN :: An error inside a tween callback was silently taken care of > Array index is out of range.

  at UIController+<HideSecondBtn>c__AnonStorey6.<>m__4 () [0x00000] in <filename unknown>:0 
  at DG.Tweening.Tween.OnTweenCallback (DG.Tweening.TweenCallback callback) [0x00000] in <filename unknown>:0 


 
(Filename: C:/buildslave/unity/build/artifacts/generated/common/runtime/UnityEngineDebugBindings.gen.cpp Line: 42)

DOTWEEN :: An error inside a tween callback was silently taken care of > Array index is out of range.

  at UIController+<HideSecondBtn>c__AnonStorey6.<>m__4 () [0x00000] in <filename unknown>:0 
  at DG.Tweening.Tween.OnTweenCallback (DG.Tweening.TweenCallback callback) [0x00000] in <filename unknown>:0 


 
(Filename: C:/buildslave/unity/build/artifacts/generated/common/runtime/UnityEngineDebugBindings.gen.cpp Line: 42)

DOTWEEN :: An error inside a tween callback was silently taken care of > Array index is out of range.

  at UIController+<HideSecondBtn>c__AnonStorey6.<>m__4 () [0x00000] in <filename unknown>:0 
  at DG.Tweening.Tween.OnTweenCallback (DG.Tweening.TweenCallback callback) [0x00000] in <filename unknown>:0 


 
(Filename: C:/buildslave/unity/build/artifacts/generated/common/runtime/UnityEngineDebugBindings.gen.cpp Line: 42)

DOTWEEN :: An error inside a tween callback was silently taken care of > Array index is out of range.

  at UIController+<HideSecondBtn>c__AnonStorey6.<>m__4 () [0x00000] in <filename unknown>:0 
  at DG.Tweening.Tween.OnTweenCallback (DG.Tweening.TweenCallback callback) [0x00000] in <filename unknown>:0 


 
(Filename: C:/buildslave/unity/build/artifacts/generated/common/runtime/UnityEngineDebugBindings.gen.cpp Line: 42)

DOTWEEN :: An error inside a tween callback was silently taken care of > Array index is out of range.

  at UIController+<HideSecondBtn>c__AnonStorey6.<>m__4 () [0x00000] in <filename unknown>:0 
  at DG.Tweening.Tween.OnTweenCallback (DG.Tweening.TweenCallback callback) [0x00000] in <filename unknown>:0 


 
(Filename: C:/buildslave/unity/build/artifacts/generated/common/runtime/UnityEngineDebugBindings.gen.cpp Line: 42)

DOTWEEN :: An error inside a tween callback was silently taken care of > Array index is out of range.

  at UIController+<HideSecondBtn>c__AnonStorey6.<>m__4 () [0x00000] in <filename unknown>:0 
  at DG.Tweening.Tween.OnTweenCallback (DG.Tweening.TweenCallback callback) [0x00000] in <filename unknown>:0 


 
(Filename: C:/buildslave/unity/build/artifacts/generated/common/runtime/UnityEngineDebugBindings.gen.cpp Line: 42)

DOTWEEN :: An error inside a tween callback was silently taken care of > Array index is out of range.

  at UIController+<HideSecondBtn>c__AnonStorey6.<>m__4 () [0x00000] in <filename unknown>:0 
  at DG.Tweening.Tween.OnTweenCallback (DG.Tweening.TweenCallback callback) [0x00000] in <filename unknown>:0 


 
(Filename: C:/buildslave/unity/build/artifacts/generated/common/runtime/UnityEngineDebugBindings.gen.cpp Line: 42)

DOTWEEN :: An error inside a tween callback was silently taken care of > Array index is out of range.

  at UIController+<HideSecondBtn>c__AnonStorey6.<>m__4 () [0x00000] in <filename unknown>:0 
  at DG.Tweening.Tween.OnTweenCallback (DG.Tweening.TweenCallback callback) [0x00000] in <filename unknown>:0 


 
(Filename: C:/buildslave/unity/build/artifacts/generated/common/runtime/UnityEngineDebugBindings.gen.cpp Line: 42)

LocalEndPoint = 127.0.0.1:61428. RemoteEndPoint = 127.0.0.1:9900
 
(Filename: C:/buildslave/unity/build/artifacts/generated/common/runtime/UnityEngineDebugBindings.gen.cpp Line: 42)

Null
 
(Filename: C:/buildslave/unity/build/artifacts/generated/common/runtime/UnityEngineDebugBindings.gen.cpp Line: 42)

DOTWEEN :: An error inside a tween callback was silently taken care of > Array index is out of range.

  at UIController+<HideSecondBtn>c__AnonStorey6.<>m__4 () [0x00000] in <filename unknown>:0 
  at DG.Tweening.Tween.OnTweenCallback (DG.Tweening.TweenCallback callback) [0x00000] in <filename unknown>:0 


 
(Filename: C:/buildslave/unity/build/artifacts/generated/common/runtime/UnityEngineDebugBindings.gen.cpp Line: 42)

DOTWEEN :: An error inside a tween callback was silently taken care of > Array index is out of range.

  at UIController+<HideSecondBtn>c__AnonStorey6.<>m__4 () [0x00000] in <filename unknown>:0 
  at DG.Tweening.Tween.OnTweenCallback (DG.Tweening.TweenCallback callback) [0x00000] in <filename unknown>:0 


 
(Filename: C:/buildslave/unity/build/artifacts/generated/common/runtime/UnityEngineDebugBindings.gen.cpp Line: 42)

DOTWEEN :: An error inside a tween callback was silently taken care of > Array index is out of range.

  at UIController+<HideSecondBtn>c__AnonStorey6.<>m__4 () [0x00000] in <filename unknown>:0 
  at DG.Tweening.Tween.OnTweenCallback (DG.Tweening.TweenCallback callback) [0x00000] in <filename unknown>:0 


 
(Filename: C:/buildslave/unity/build/artifacts/generated/common/runtime/UnityEngineDebugBindings.gen.cpp Line: 42)

DOTWEEN :: An error inside a tween callback was silently taken care of > Array index is out of range.

  at UIController+<HideSecondBtn>c__AnonStorey6.<>m__4 () [0x00000] in <filename unknown>:0 
  at DG.Tweening.Tween.OnTweenCallback (DG.Tweening.TweenCallback callback) [0x00000] in <filename unknown>:0 


 
(Filename: C:/buildslave/unity/build/artifacts/generated/common/runtime/UnityEngineDebugBindings.gen.cpp Line: 42)

DOTWEEN :: An error inside a tween callback was silently taken care of > Array index is out of range.

  at UIController+<HideSecondBtn>c__AnonStorey6.<>m__4 () [0x00000] in <filename unknown>:0 
  at DG.Tweening.Tween.OnTweenCallback (DG.Tweening.TweenCallback callback) [0x00000] in <filename unknown>:0 


 
(Filename: C:/buildslave/unity/build/artifacts/generated/common/runtime/UnityEngineDebugBindings.gen.cpp Line: 42)

DOTWEEN :: An error inside a tween callback was silently taken care of > Array index is out of range.

  at UIController+<HideSecondBtn>c__AnonStorey6.<>m__4 () [0x00000] in <filename unknown>:0 
  at DG.Tweening.Tween.OnTweenCallback (DG.Tweening.TweenCallback callback) [0x00000] in <filename unknown>:0 


 
(Filename: C:/buildslave/unity/build/artifacts/generated/common/runtime/UnityEngineDebugBindings.gen.cpp Line: 42)

DOTWEEN :: An error inside a tween callback was silently taken care of > Array index is out of range.

  at UIController+<HideSecondBtn>c__AnonStorey6.<>m__4 () [0x00000] in <filename unknown>:0 
  at DG.Tweening.Tween.OnTweenCallback (DG.Tweening.TweenCallback callback) [0x00000] in <filename unknown>:0 


 
(Filename: C:/buildslave/unity/build/artifacts/generated/common/runtime/UnityEngineDebugBindings.gen.cpp Line: 42)

DOTWEEN :: An error inside a tween callback was silently taken care of > Array index is out of range.

  at UIController+<HideSecondBtn>c__AnonStorey6.<>m__4 () [0x00000] in <filename unknown>:0 
  at DG.Tweening.Tween.OnTweenCallback (DG.Tweening.TweenCallback callback) [0x00000] in <filename unknown>:0 


 
(Filename: C:/buildslave/unity/build/artifacts/generated/common/runtime/UnityEngineDebugBindings.gen.cpp Line: 42)

NullReferenceException: Object reference not set to an instance of an object
  at EventListener.OnDrag (UnityEngine.EventSystems.PointerEventData eventData) [0x00000] in <filename unknown>:0 
  at UnityEngine.EventSystems.ExecuteEvents.Execute (IDragHandler handler, UnityEngine.EventSystems.BaseEventData eventData) [0x00000] in <filename unknown>:0 
  at UnityEngine.EventSystems.ExecuteEvents.Execute[IDragHandler] (UnityEngine.GameObject target, UnityEngine.EventSystems.BaseEventData eventData, UnityEngine.EventSystems.EventFunction`1 functor) [0x00000] in <filename unknown>:0 
UnityEngine.DebugLogHandler:Internal_LogException(Exception, Object)
UnityEngine.DebugLogHandler:LogException(Exception, Object)
UnityEngine.Logger:LogException(Exception, Object)
UnityEngine.Debug:LogException(Exception)
UnityEngine.EventSystems.ExecuteEvents:Execute(GameObject, BaseEventData, EventFunction`1)
UnityEngine.EventSystems.PointerInputModule:ProcessDrag(PointerEventData)
UnityEngine.EventSystems.StandaloneInputModule:ProcessMouseEvent(Int32)
UnityEngine.EventSystems.StandaloneInputModule:ProcessMouseEvent()
UnityEngine.EventSystems.StandaloneInputModule:Process()
UnityEngine.EventSystems.EventSystem:Update()
 
(Filename:  Line: -1)

NullReferenceException: Object reference not set to an instance of an object
  at EventListener.OnDrag (UnityEngine.EventSystems.PointerEventData eventData) [0x00000] in <filename unknown>:0 
  at UnityEngine.EventSystems.ExecuteEvents.Execute (IDragHandler handler, UnityEngine.EventSystems.BaseEventData eventData) [0x00000] in <filename unknown>:0 
  at UnityEngine.EventSystems.ExecuteEvents.Execute[IDragHandler] (UnityEngine.GameObject target, UnityEngine.EventSystems.BaseEventData eventData, UnityEngine.EventSystems.EventFunction`1 functor) [0x00000] in <filename unknown>:0 
UnityEngine.DebugLogHandler:Internal_LogException(Exception, Object)
UnityEngine.DebugLogHandler:LogException(Exception, Object)
UnityEngine.Logger:LogException(Exception, Object)
UnityEngine.Debug:LogException(Exception)
UnityEngine.EventSystems.ExecuteEvents:Execute(GameObject, BaseEventData, EventFunction`1)
UnityEngine.EventSystems.PointerInputModule:ProcessDrag(PointerEventData)
UnityEngine.EventSystems.StandaloneInputModule:ProcessMouseEvent(Int32)
UnityEngine.EventSystems.StandaloneInputModule:ProcessMouseEvent()
UnityEngine.EventSystems.StandaloneInputModule:Process()
UnityEngine.EventSystems.EventSystem:Update()
 
(Filename:  Line: -1)

NullReferenceException: Object reference not set to an instance of an object
  at EventListener.OnDrag (UnityEngine.EventSystems.PointerEventData eventData) [0x00000] in <filename unknown>:0 
  at UnityEngine.EventSystems.ExecuteEvents.Execute (IDragHandler handler, UnityEngine.EventSystems.BaseEventData eventData) [0x00000] in <filename unknown>:0 
  at UnityEngine.EventSystems.ExecuteEvents.Execute[IDragHandler] (UnityEngine.GameObject target, UnityEngine.EventSystems.BaseEventData eventData, UnityEngine.EventSystems.EventFunction`1 functor) [0x00000] in <filename unknown>:0 
UnityEngine.DebugLogHandler:Internal_LogException(Exception, Object)
UnityEngine.DebugLogHandler:LogException(Exception, Object)
UnityEngine.Logger:LogException(Exception, Object)
UnityEngine.Debug:LogException(Exception)
UnityEngine.EventSystems.ExecuteEvents:Execute(GameObject, BaseEventData, EventFunction`1)
UnityEngine.EventSystems.PointerInputModule:ProcessDrag(PointerEventData)
UnityEngine.EventSystems.StandaloneInputModule:ProcessMouseEvent(Int32)
UnityEngine.EventSystems.StandaloneInputModule:ProcessMouseEvent()
UnityEngine.EventSystems.StandaloneInputModule:Process()
UnityEngine.EventSystems.EventSystem:Update()
 
(Filename:  Line: -1)

NullReferenceException: Object reference not set to an instance of an object
  at EventListener.OnDrag (UnityEngine.EventSystems.PointerEventData eventData) [0x00000] in <filename unknown>:0 
  at UnityEngine.EventSystems.ExecuteEvents.Execute (IDragHandler handler, UnityEngine.EventSystems.BaseEventData eventData) [0x00000] in <filename unknown>:0 
  at UnityEngine.EventSystems.ExecuteEvents.Execute[IDragHandler] (UnityEngine.GameObject target, UnityEngine.EventSystems.BaseEventData eventData, UnityEngine.EventSystems.EventFunction`1 functor) [0x00000] in <filename unknown>:0 
UnityEngine.DebugLogHandler:Internal_LogException(Exception, Object)
UnityEngine.DebugLogHandler:LogException(Exception, Object)
UnityEngine.Logger:LogException(Exception, Object)
UnityEngine.Debug:LogException(Exception)
UnityEngine.EventSystems.ExecuteEvents:Execute(GameObject, BaseEventData, EventFunction`1)
UnityEngine.EventSystems.PointerInputModule:ProcessDrag(PointerEventData)
UnityEngine.EventSystems.StandaloneInputModule:ProcessMouseEvent(Int32)
UnityEngine.EventSystems.StandaloneInputModule:ProcessMouseEvent()
UnityEngine.EventSystems.StandaloneInputModule:Process()
UnityEngine.EventSystems.EventSystem:Update()
 
(Filename:  Line: -1)

DOTWEEN :: An error inside a tween callback was silently taken care of > Array index is out of range.

  at UIController+<HideSecondBtn>c__AnonStorey6.<>m__4 () [0x00000] in <filename unknown>:0 
  at DG.Tweening.Tween.OnTweenCallback (DG.Tweening.TweenCallback callback) [0x00000] in <filename unknown>:0 


 
(Filename: C:/buildslave/unity/build/artifacts/generated/common/runtime/UnityEngineDebugBindings.gen.cpp Line: 42)

DOTWEEN :: An error inside a tween callback was silently taken care of > Array index is out of range.

  at UIController+<HideSecondBtn>c__AnonStorey6.<>m__4 () [0x00000] in <filename unknown>:0 
  at DG.Tweening.Tween.OnTweenCallback (DG.Tweening.TweenCallback callback) [0x00000] in <filename unknown>:0 


 
(Filename: C:/buildslave/unity/build/artifacts/generated/common/runtime/UnityEngineDebugBindings.gen.cpp Line: 42)

DOTWEEN :: An error inside a tween callback was silently taken care of > Array index is out of range.

  at UIController+<HideSecondBtn>c__AnonStorey6.<>m__4 () [0x00000] in <filename unknown>:0 
  at DG.Tweening.Tween.OnTweenCallback (DG.Tweening.TweenCallback callback) [0x00000] in <filename unknown>:0 


 
(Filename: C:/buildslave/unity/build/artifacts/generated/common/runtime/UnityEngineDebugBindings.gen.cpp Line: 42)

DOTWEEN :: An error inside a tween callback was silently taken care of > Array index is out of range.

  at UIController+<HideSecondBtn>c__AnonStorey6.<>m__4 () [0x00000] in <filename unknown>:0 
  at DG.Tweening.Tween.OnTweenCallback (DG.Tweening.TweenCallback callback) [0x00000] in <filename unknown>:0 


 
(Filename: C:/buildslave/unity/build/artifacts/generated/common/runtime/UnityEngineDebugBindings.gen.cpp Line: 42)

DOTWEEN :: An error inside a tween callback was silently taken care of > Array index is out of range.

  at UIController+<HideSecondBtn>c__AnonStorey6.<>m__4 () [0x00000] in <filename unknown>:0 
  at DG.Tweening.Tween.OnTweenCallback (DG.Tweening.TweenCallback callback) [0x00000] in <filename unknown>:0 


 
(Filename: C:/buildslave/unity/build/artifacts/generated/common/runtime/UnityEngineDebugBindings.gen.cpp Line: 42)

DOTWEEN :: An error inside a tween callback was silently taken care of > Array index is out of range.

  at UIController+<HideSecondBtn>c__AnonStorey6.<>m__4 () [0x00000] in <filename unknown>:0 
  at DG.Tweening.Tween.OnTweenCallback (DG.Tweening.TweenCallback callback) [0x00000] in <filename unknown>:0 


 
(Filename: C:/buildslave/unity/build/artifacts/generated/common/runtime/UnityEngineDebugBindings.gen.cpp Line: 42)

DOTWEEN :: An error inside a tween callback was silently taken care of > Array index is out of range.

  at UIController+<HideSecondBtn>c__AnonStorey6.<>m__4 () [0x00000] in <filename unknown>:0 
  at DG.Tweening.Tween.OnTweenCallback (DG.Tweening.TweenCallback callback) [0x00000] in <filename unknown>:0 


 
(Filename: C:/buildslave/unity/build/artifacts/generated/common/runtime/UnityEngineDebugBindings.gen.cpp Line: 42)

DOTWEEN :: An error inside a tween callback was silently taken care of > Array index is out of range.

  at UIController+<HideSecondBtn>c__AnonStorey6.<>m__4 () [0x00000] in <filename unknown>:0 
  at DG.Tweening.Tween.OnTweenCallback (DG.Tweening.TweenCallback callback) [0x00000] in <filename unknown>:0 


 
(Filename: C:/buildslave/unity/build/artifacts/generated/common/runtime/UnityEngineDebugBindings.gen.cpp Line: 42)

DOTWEEN :: An error inside a tween callback was silently taken care of > Array index is out of range.

  at UIController+<HideSecondBtn>c__AnonStorey6.<>m__4 () [0x00000] in <filename unknown>:0 
  at DG.Tweening.Tween.OnTweenCallback (DG.Tweening.TweenCallback callback) [0x00000] in <filename unknown>:0 


 
(Filename: C:/buildslave/unity/build/artifacts/generated/common/runtime/UnityEngineDebugBindings.gen.cpp Line: 42)

DOTWEEN :: An error inside a tween callback was silently taken care of > Array index is out of range.

  at UIController+<HideSecondBtn>c__AnonStorey6.<>m__4 () [0x00000] in <filename unknown>:0 
  at DG.Tweening.Tween.OnTweenCallback (DG.Tweening.TweenCallback callback) [0x00000] in <filename unknown>:0 


 
(Filename: C:/buildslave/unity/build/artifacts/generated/common/runtime/UnityEngineDebugBindings.gen.cpp Line: 42)

DOTWEEN :: An error inside a tween callback was silently taken care of > Array index is out of range.

  at UIController+<HideSecondBtn>c__AnonStorey6.<>m__4 () [0x00000] in <filename unknown>:0 
  at DG.Tweening.Tween.OnTweenCallback (DG.Tweening.TweenCallback callback) [0x00000] in <filename unknown>:0 


 
(Filename: C:/buildslave/unity/build/artifacts/generated/common/runtime/UnityEngineDebugBindings.gen.cpp Line: 42)

DOTWEEN :: An error inside a tween callback was silently taken care of > Array index is out of range.

  at UIController+<HideSecondBtn>c__AnonStorey6.<>m__4 () [0x00000] in <filename unknown>:0 
  at DG.Tweening.Tween.OnTweenCallback (DG.Tweening.TweenCallback callback) [0x00000] in <filename unknown>:0 


 
(Filename: C:/buildslave/unity/build/artifacts/generated/common/runtime/UnityEngineDebugBindings.gen.cpp Line: 42)

DOTWEEN :: An error inside a tween callback was silently taken care of > Array index is out of range.

  at UIController+<HideSecondBtn>c__AnonStorey6.<>m__4 () [0x00000] in <filename unknown>:0 
  at DG.Tweening.Tween.OnTweenCallback (DG.Tweening.TweenCallback callback) [0x00000] in <filename unknown>:0 


 
(Filename: C:/buildslave/unity/build/artifacts/generated/common/runtime/UnityEngineDebugBindings.gen.cpp Line: 42)

DOTWEEN :: An error inside a tween callback was silently taken care of > Array index is out of range.

  at UIController+<HideSecondBtn>c__AnonStorey6.<>m__4 () [0x00000] in <filename unknown>:0 
  at DG.Tweening.Tween.OnTweenCallback (DG.Tweening.TweenCallback callback) [0x00000] in <filename unknown>:0 


 
(Filename: C:/buildslave/unity/build/artifacts/generated/common/runtime/UnityEngineDebugBindings.gen.cpp Line: 42)

DOTWEEN :: An error inside a tween callback was silently taken care of > Array index is out of range.

  at UIController+<HideSecondBtn>c__AnonStorey6.<>m__4 () [0x00000] in <filename unknown>:0 
  at DG.Tweening.Tween.OnTweenCallback (DG.Tweening.TweenCallback callback) [0x00000] in <filename unknown>:0 


 
(Filename: C:/buildslave/unity/build/artifacts/generated/common/runtime/UnityEngineDebugBindings.gen.cpp Line: 42)

DOTWEEN :: An error inside a tween callback was silently taken care of > Array index is out of range.

  at UIController+<HideSecondBtn>c__AnonStorey6.<>m__4 () [0x00000] in <filename unknown>:0 
  at DG.Tweening.Tween.OnTweenCallback (DG.Tweening.TweenCallback callback) [0x00000] in <filename unknown>:0 


 
(Filename: C:/buildslave/unity/build/artifacts/generated/common/runtime/UnityEngineDebugBindings.gen.cpp Line: 42)

LocalEndPoint = 127.0.0.1:61428. RemoteEndPoint = 127.0.0.1:9900
 
(Filename: C:/buildslave/unity/build/artifacts/generated/common/runtime/UnityEngineDebugBindings.gen.cpp Line: 42)

Null
 
(Filename: C:/buildslave/unity/build/artifacts/generated/common/runtime/UnityEngineDebugBindings.gen.cpp Line: 42)

DOTWEEN :: An error inside a tween callback was silently taken care of > Array index is out of range.

  at UIController+<HideSecondBtn>c__AnonStorey6.<>m__4 () [0x00000] in <filename unknown>:0 
  at DG.Tweening.Tween.OnTweenCallback (DG.Tweening.TweenCallback callback) [0x00000] in <filename unknown>:0 


 
(Filename: C:/buildslave/unity/build/artifacts/generated/common/runtime/UnityEngineDebugBindings.gen.cpp Line: 42)

DOTWEEN :: An error inside a tween callback was silently taken care of > Array index is out of range.

  at UIController+<HideSecondBtn>c__AnonStorey6.<>m__4 () [0x00000] in <filename unknown>:0 
  at DG.Tweening.Tween.OnTweenCallback (DG.Tweening.TweenCallback callback) [0x00000] in <filename unknown>:0 


 
(Filename: C:/buildslave/unity/build/artifacts/generated/common/runtime/UnityEngineDebugBindings.gen.cpp Line: 42)

DOTWEEN :: An error inside a tween callback was silently taken care of > Array index is out of range.

  at UIController+<HideSecondBtn>c__AnonStorey6.<>m__4 () [0x00000] in <filename unknown>:0 
  at DG.Tweening.Tween.OnTweenCallback (DG.Tweening.TweenCallback callback) [0x00000] in <filename unknown>:0 


 
(Filename: C:/buildslave/unity/build/artifacts/generated/common/runtime/UnityEngineDebugBindings.gen.cpp Line: 42)

DOTWEEN :: An error inside a tween callback was silently taken care of > Array index is out of range.

  at UIController+<HideSecondBtn>c__AnonStorey6.<>m__4 () [0x00000] in <filename unknown>:0 
  at DG.Tweening.Tween.OnTweenCallback (DG.Tweening.TweenCallback callback) [0x00000] in <filename unknown>:0 


 
(Filename: C:/buildslave/unity/build/artifacts/generated/common/runtime/UnityEngineDebugBindings.gen.cpp Line: 42)

DOTWEEN :: An error inside a tween callback was silently taken care of > Array index is out of range.

  at UIController+<HideSecondBtn>c__AnonStorey6.<>m__4 () [0x00000] in <filename unknown>:0 
  at DG.Tweening.Tween.OnTweenCallback (DG.Tweening.TweenCallback callback) [0x00000] in <filename unknown>:0 


 
(Filename: C:/buildslave/unity/build/artifacts/generated/common/runtime/UnityEngineDebugBindings.gen.cpp Line: 42)

DOTWEEN :: An error inside a tween callback was silently taken care of > Array index is out of range.

  at UIController+<HideSecondBtn>c__AnonStorey6.<>m__4 () [0x00000] in <filename unknown>:0 
  at DG.Tweening.Tween.OnTweenCallback (DG.Tweening.TweenCallback callback) [0x00000] in <filename unknown>:0 


 
(Filename: C:/buildslave/unity/build/artifacts/generated/common/runtime/UnityEngineDebugBindings.gen.cpp Line: 42)

DOTWEEN :: An error inside a tween callback was silently taken care of > Array index is out of range.

  at UIController+<HideSecondBtn>c__AnonStorey6.<>m__4 () [0x00000] in <filename unknown>:0 
  at DG.Tweening.Tween.OnTweenCallback (DG.Tweening.TweenCallback callback) [0x00000] in <filename unknown>:0 


 
(Filename: C:/buildslave/unity/build/artifacts/generated/common/runtime/UnityEngineDebugBindings.gen.cpp Line: 42)

DOTWEEN :: An error inside a tween callback was silently taken care of > Array index is out of range.

  at UIController+<HideSecondBtn>c__AnonStorey6.<>m__4 () [0x00000] in <filename unknown>:0 
  at DG.Tweening.Tween.OnTweenCallback (DG.Tweening.TweenCallback callback) [0x00000] in <filename unknown>:0 


 
(Filename: C:/buildslave/unity/build/artifacts/generated/common/runtime/UnityEngineDebugBindings.gen.cpp Line: 42)

NullReferenceException: Object reference not set to an instance of an object
  at EventListener.OnDrag (UnityEngine.EventSystems.PointerEventData eventData) [0x00000] in <filename unknown>:0 
  at UnityEngine.EventSystems.ExecuteEvents.Execute (IDragHandler handler, UnityEngine.EventSystems.BaseEventData eventData) [0x00000] in <filename unknown>:0 
  at UnityEngine.EventSystems.ExecuteEvents.Execute[IDragHandler] (UnityEngine.GameObject target, UnityEngine.EventSystems.BaseEventData eventData, UnityEngine.EventSystems.EventFunction`1 functor) [0x00000] in <filename unknown>:0 
UnityEngine.DebugLogHandler:Internal_LogException(Exception, Object)
UnityEngine.DebugLogHandler:LogException(Exception, Object)
UnityEngine.Logger:LogException(Exception, Object)
UnityEngine.Debug:LogException(Exception)
UnityEngine.EventSystems.ExecuteEvents:Execute(GameObject, BaseEventData, EventFunction`1)
UnityEngine.EventSystems.PointerInputModule:ProcessDrag(PointerEventData)
UnityEngine.EventSystems.StandaloneInputModule:ProcessMouseEvent(Int32)
UnityEngine.EventSystems.StandaloneInputModule:ProcessMouseEvent()
UnityEngine.EventSystems.StandaloneInputModule:Process()
UnityEngine.EventSystems.EventSystem:Update()
 
(Filename:  Line: -1)

NullReferenceException: Object reference not set to an instance of an object
  at EventListener.OnDrag (UnityEngine.EventSystems.PointerEventData eventData) [0x00000] in <filename unknown>:0 
  at UnityEngine.EventSystems.ExecuteEvents.Execute (IDragHandler handler, UnityEngine.EventSystems.BaseEventData eventData) [0x00000] in <filename unknown>:0 
  at UnityEngine.EventSystems.ExecuteEvents.Execute[IDragHandler] (UnityEngine.GameObject target, UnityEngine.EventSystems.BaseEventData eventData, UnityEngine.EventSystems.EventFunction`1 functor) [0x00000] in <filename unknown>:0 
UnityEngine.DebugLogHandler:Internal_LogException(Exception, Object)
UnityEngine.DebugLogHandler:LogException(Exception, Object)
UnityEngine.Logger:LogException(Exception, Object)
UnityEngine.Debug:LogException(Exception)
UnityEngine.EventSystems.ExecuteEvents:Execute(GameObject, BaseEventData, EventFunction`1)
UnityEngine.EventSystems.PointerInputModule:ProcessDrag(PointerEventData)
UnityEngine.EventSystems.StandaloneInputModule:ProcessMouseEvent(Int32)
UnityEngine.EventSystems.StandaloneInputModule:ProcessMouseEvent()
UnityEngine.EventSystems.StandaloneInputModule:Process()
UnityEngine.EventSystems.EventSystem:Update()
 
(Filename:  Line: -1)

NullReferenceException: Object reference not set to an instance of an object
  at EventListener.OnDrag (UnityEngine.EventSystems.PointerEventData eventData) [0x00000] in <filename unknown>:0 
  at UnityEngine.EventSystems.ExecuteEvents.Execute (IDragHandler handler, UnityEngine.EventSystems.BaseEventData eventData) [0x00000] in <filename unknown>:0 
  at UnityEngine.EventSystems.ExecuteEvents.Execute[IDragHandler] (UnityEngine.GameObject target, UnityEngine.EventSystems.BaseEventData eventData, UnityEngine.EventSystems.EventFunction`1 functor) [0x00000] in <filename unknown>:0 
UnityEngine.DebugLogHandler:Internal_LogException(Exception, Object)
UnityEngine.DebugLogHandler:LogException(Exception, Object)
UnityEngine.Logger:LogException(Exception, Object)
UnityEngine.Debug:LogException(Exception)
UnityEngine.EventSystems.ExecuteEvents:Execute(GameObject, BaseEventData, EventFunction`1)
UnityEngine.EventSystems.PointerInputModule:ProcessDrag(PointerEventData)
UnityEngine.EventSystems.StandaloneInputModule:ProcessMouseEvent(Int32)
UnityEngine.EventSystems.StandaloneInputModule:ProcessMouseEvent()
UnityEngine.EventSystems.StandaloneInputModule:Process()
UnityEngine.EventSystems.EventSystem:Update()
 
(Filename:  Line: -1)

DOTWEEN :: An error inside a tween callback was silently taken care of > Array index is out of range.

  at UIController+<HideSecondBtn>c__AnonStorey6.<>m__4 () [0x00000] in <filename unknown>:0 
  at DG.Tweening.Tween.OnTweenCallback (DG.Tweening.TweenCallback callback) [0x00000] in <filename unknown>:0 


 
(Filename: C:/buildslave/unity/build/artifacts/generated/common/runtime/UnityEngineDebugBindings.gen.cpp Line: 42)

DOTWEEN :: An error inside a tween callback was silently taken care of > Array index is out of range.

  at UIController+<HideSecondBtn>c__AnonStorey6.<>m__4 () [0x00000] in <filename unknown>:0 
  at DG.Tweening.Tween.OnTweenCallback (DG.Tweening.TweenCallback callback) [0x00000] in <filename unknown>:0 


 
(Filename: C:/buildslave/unity/build/artifacts/generated/common/runtime/UnityEngineDebugBindings.gen.cpp Line: 42)

DOTWEEN :: An error inside a tween callback was silently taken care of > Array index is out of range.

  at UIController+<HideSecondBtn>c__AnonStorey6.<>m__4 () [0x00000] in <filename unknown>:0 
  at DG.Tweening.Tween.OnTweenCallback (DG.Tweening.TweenCallback callback) [0x00000] in <filename unknown>:0 


 
(Filename: C:/buildslave/unity/build/artifacts/generated/common/runtime/UnityEngineDebugBindings.gen.cpp Line: 42)

DOTWEEN :: An error inside a tween callback was silently taken care of > Array index is out of range.

  at UIController+<HideSecondBtn>c__AnonStorey6.<>m__4 () [0x00000] in <filename unknown>:0 
  at DG.Tweening.Tween.OnTweenCallback (DG.Tweening.TweenCallback callback) [0x00000] in <filename unknown>:0 


 
(Filename: C:/buildslave/unity/build/artifacts/generated/common/runtime/UnityEngineDebugBindings.gen.cpp Line: 42)

DOTWEEN :: An error inside a tween callback was silently taken care of > Array index is out of range.

  at UIController+<HideSecondBtn>c__AnonStorey6.<>m__4 () [0x00000] in <filename unknown>:0 
  at DG.Tweening.Tween.OnTweenCallback (DG.Tweening.TweenCallback callback) [0x00000] in <filename unknown>:0 


 
(Filename: C:/buildslave/unity/build/artifacts/generated/common/runtime/UnityEngineDebugBindings.gen.cpp Line: 42)

DOTWEEN :: An error inside a tween callback was silently taken care of > Array index is out of range.

  at UIController+<HideSecondBtn>c__AnonStorey6.<>m__4 () [0x00000] in <filename unknown>:0 
  at DG.Tweening.Tween.OnTweenCallback (DG.Tweening.TweenCallback callback) [0x00000] in <filename unknown>:0 


 
(Filename: C:/buildslave/unity/build/artifacts/generated/common/runtime/UnityEngineDebugBindings.gen.cpp Line: 42)

DOTWEEN :: An error inside a tween callback was silently taken care of > Array index is out of range.

  at UIController+<HideSecondBtn>c__AnonStorey6.<>m__4 () [0x00000] in <filename unknown>:0 
  at DG.Tweening.Tween.OnTweenCallback (DG.Tweening.TweenCallback callback) [0x00000] in <filename unknown>:0 


 
(Filename: C:/buildslave/unity/build/artifacts/generated/common/runtime/UnityEngineDebugBindings.gen.cpp Line: 42)

DOTWEEN :: An error inside a tween callback was silently taken care of > Array index is out of range.

  at UIController+<HideSecondBtn>c__AnonStorey6.<>m__4 () [0x00000] in <filename unknown>:0 
  at DG.Tweening.Tween.OnTweenCallback (DG.Tweening.TweenCallback callback) [0x00000] in <filename unknown>:0 


 
(Filename: C:/buildslave/unity/build/artifacts/generated/common/runtime/UnityEngineDebugBindings.gen.cpp Line: 42)

DOTWEEN :: An error inside a tween callback was silently taken care of > Array index is out of range.

  at UIController+<HideSecondBtn>c__AnonStorey6.<>m__4 () [0x00000] in <filename unknown>:0 
  at DG.Tweening.Tween.OnTweenCallback (DG.Tweening.TweenCallback callback) [0x00000] in <filename unknown>:0 


 
(Filename: C:/buildslave/unity/build/artifacts/generated/common/runtime/UnityEngineDebugBindings.gen.cpp Line: 42)

DOTWEEN :: An error inside a tween callback was silently taken care of > Array index is out of range.

  at UIController+<HideSecondBtn>c__AnonStorey6.<>m__4 () [0x00000] in <filename unknown>:0 
  at DG.Tweening.Tween.OnTweenCallback (DG.Tweening.TweenCallback callback) [0x00000] in <filename unknown>:0 


 
(Filename: C:/buildslave/unity/build/artifacts/generated/common/runtime/UnityEngineDebugBindings.gen.cpp Line: 42)

DOTWEEN :: An error inside a tween callback was silently taken care of > Array index is out of range.

  at UIController+<HideSecondBtn>c__AnonStorey6.<>m__4 () [0x00000] in <filename unknown>:0 
  at DG.Tweening.Tween.OnTweenCallback (DG.Tweening.TweenCallback callback) [0x00000] in <filename unknown>:0 


 
(Filename: C:/buildslave/unity/build/artifacts/generated/common/runtime/UnityEngineDebugBindings.gen.cpp Line: 42)

DOTWEEN :: An error inside a tween callback was silently taken care of > Array index is out of range.

  at UIController+<HideSecondBtn>c__AnonStorey6.<>m__4 () [0x00000] in <filename unknown>:0 
  at DG.Tweening.Tween.OnTweenCallback (DG.Tweening.TweenCallback callback) [0x00000] in <filename unknown>:0 


 
(Filename: C:/buildslave/unity/build/artifacts/generated/common/runtime/UnityEngineDebugBindings.gen.cpp Line: 42)

LocalEndPoint = 127.0.0.1:61428. RemoteEndPoint = 127.0.0.1:9900
 
(Filename: C:/buildslave/unity/build/artifacts/generated/common/runtime/UnityEngineDebugBindings.gen.cpp Line: 42)

Null
 
(Filename: C:/buildslave/unity/build/artifacts/generated/common/runtime/UnityEngineDebugBindings.gen.cpp Line: 42)

DOTWEEN :: An error inside a tween callback was silently taken care of > Array index is out of range.

  at UIController+<HideSecondBtn>c__AnonStorey6.<>m__4 () [0x00000] in <filename unknown>:0 
  at DG.Tweening.Tween.OnTweenCallback (DG.Tweening.TweenCallback callback) [0x00000] in <filename unknown>:0 


 
(Filename: C:/buildslave/unity/build/artifacts/generated/common/runtime/UnityEngineDebugBindings.gen.cpp Line: 42)

DOTWEEN :: An error inside a tween callback was silently taken care of > Array index is out of range.

  at UIController+<HideSecondBtn>c__AnonStorey6.<>m__4 () [0x00000] in <filename unknown>:0 
  at DG.Tweening.Tween.OnTweenCallback (DG.Tweening.TweenCallback callback) [0x00000] in <filename unknown>:0 


 
(Filename: C:/buildslave/unity/build/artifacts/generated/common/runtime/UnityEngineDebugBindings.gen.cpp Line: 42)

DOTWEEN :: An error inside a tween callback was silently taken care of > Array index is out of range.

  at UIController+<HideSecondBtn>c__AnonStorey6.<>m__4 () [0x00000] in <filename unknown>:0 
  at DG.Tweening.Tween.OnTweenCallback (DG.Tweening.TweenCallback callback) [0x00000] in <filename unknown>:0 


 
(Filename: C:/buildslave/unity/build/artifacts/generated/common/runtime/UnityEngineDebugBindings.gen.cpp Line: 42)

DOTWEEN :: An error inside a tween callback was silently taken care of > Array index is out of range.

  at UIController+<HideSecondBtn>c__AnonStorey6.<>m__4 () [0x00000] in <filename unknown>:0 
  at DG.Tweening.Tween.OnTweenCallback (DG.Tweening.TweenCallback callback) [0x00000] in <filename unknown>:0 


 
(Filename: C:/buildslave/unity/build/artifacts/generated/common/runtime/UnityEngineDebugBindings.gen.cpp Line: 42)

DOTWEEN :: An error inside a tween callback was silently taken care of > Array index is out of range.

  at UIController+<HideSecondBtn>c__AnonStorey6.<>m__4 () [0x00000] in <filename unknown>:0 
  at DG.Tweening.Tween.OnTweenCallback (DG.Tweening.TweenCallback callback) [0x00000] in <filename unknown>:0 


 
(Filename: C:/buildslave/unity/build/artifacts/generated/common/runtime/UnityEngineDebugBindings.gen.cpp Line: 42)

DOTWEEN :: An error inside a tween callback was silently taken care of > Array index is out of range.

  at UIController+<HideSecondBtn>c__AnonStorey6.<>m__4 () [0x00000] in <filename unknown>:0 
  at DG.Tweening.Tween.OnTweenCallback (DG.Tweening.TweenCallback callback) [0x00000] in <filename unknown>:0 


 
(Filename: C:/buildslave/unity/build/artifacts/generated/common/runtime/UnityEngineDebugBindings.gen.cpp Line: 42)

DOTWEEN :: An error inside a tween callback was silently taken care of > Array index is out of range.

  at UIController+<HideSecondBtn>c__AnonStorey6.<>m__4 () [0x00000] in <filename unknown>:0 
  at DG.Tweening.Tween.OnTweenCallback (DG.Tweening.TweenCallback callback) [0x00000] in <filename unknown>:0 


 
(Filename: C:/buildslave/unity/build/artifacts/generated/common/runtime/UnityEngineDebugBindings.gen.cpp Line: 42)

DOTWEEN :: An error inside a tween callback was silently taken care of > Array index is out of range.

  at UIController+<HideSecondBtn>c__AnonStorey6.<>m__4 () [0x00000] in <filename unknown>:0 
  at DG.Tweening.Tween.OnTweenCallback (DG.Tweening.TweenCallback callback) [0x00000] in <filename unknown>:0 


 
(Filename: C:/buildslave/unity/build/artifacts/generated/common/runtime/UnityEngineDebugBindings.gen.cpp Line: 42)

NullReferenceException: Object reference not set to an instance of an object
  at EventListener.OnDrag (UnityEngine.EventSystems.PointerEventData eventData) [0x00000] in <filename unknown>:0 
  at UnityEngine.EventSystems.ExecuteEvents.Execute (IDragHandler handler, UnityEngine.EventSystems.BaseEventData eventData) [0x00000] in <filename unknown>:0 
  at UnityEngine.EventSystems.ExecuteEvents.Execute[IDragHandler] (UnityEngine.GameObject target, UnityEngine.EventSystems.BaseEventData eventData, UnityEngine.EventSystems.EventFunction`1 functor) [0x00000] in <filename unknown>:0 
UnityEngine.DebugLogHandler:Internal_LogException(Exception, Object)
UnityEngine.DebugLogHandler:LogException(Exception, Object)
UnityEngine.Logger:LogException(Exception, Object)
UnityEngine.Debug:LogException(Exception)
UnityEngine.EventSystems.ExecuteEvents:Execute(GameObject, BaseEventData, EventFunction`1)
UnityEngine.EventSystems.PointerInputModule:ProcessDrag(PointerEventData)
UnityEngine.EventSystems.StandaloneInputModule:ProcessMouseEvent(Int32)
UnityEngine.EventSystems.StandaloneInputModule:ProcessMouseEvent()
UnityEngine.EventSystems.StandaloneInputModule:Process()
UnityEngine.EventSystems.EventSystem:Update()
 
(Filename:  Line: -1)

NullReferenceException: Object reference not set to an instance of an object
  at EventListener.OnDrag (UnityEngine.EventSystems.PointerEventData eventData) [0x00000] in <filename unknown>:0 
  at UnityEngine.EventSystems.ExecuteEvents.Execute (IDragHandler handler, UnityEngine.EventSystems.BaseEventData eventData) [0x00000] in <filename unknown>:0 
  at UnityEngine.EventSystems.ExecuteEvents.Execute[IDragHandler] (UnityEngine.GameObject target, UnityEngine.EventSystems.BaseEventData eventData, UnityEngine.EventSystems.EventFunction`1 functor) [0x00000] in <filename unknown>:0 
UnityEngine.DebugLogHandler:Internal_LogException(Exception, Object)
UnityEngine.DebugLogHandler:LogException(Exception, Object)
UnityEngine.Logger:LogException(Exception, Object)
UnityEngine.Debug:LogException(Exception)
UnityEngine.EventSystems.ExecuteEvents:Execute(GameObject, BaseEventData, EventFunction`1)
UnityEngine.EventSystems.PointerInputModule:ProcessDrag(PointerEventData)
UnityEngine.EventSystems.StandaloneInputModule:ProcessMouseEvent(Int32)
UnityEngine.EventSystems.StandaloneInputModule:ProcessMouseEvent()
UnityEngine.EventSystems.StandaloneInputModule:Process()
UnityEngine.EventSystems.EventSystem:Update()
 
(Filename:  Line: -1)

NullReferenceException: Object reference not set to an instance of an object
  at EventListener.OnDrag (UnityEngine.EventSystems.PointerEventData eventData) [0x00000] in <filename unknown>:0 
  at UnityEngine.EventSystems.ExecuteEvents.Execute (IDragHandler handler, UnityEngine.EventSystems.BaseEventData eventData) [0x00000] in <filename unknown>:0 
  at UnityEngine.EventSystems.ExecuteEvents.Execute[IDragHandler] (UnityEngine.GameObject target, UnityEngine.EventSystems.BaseEventData eventData, UnityEngine.EventSystems.EventFunction`1 functor) [0x00000] in <filename unknown>:0 
UnityEngine.DebugLogHandler:Internal_LogException(Exception, Object)
UnityEngine.DebugLogHandler:LogException(Exception, Object)
UnityEngine.Logger:LogException(Exception, Object)
UnityEngine.Debug:LogException(Exception)
UnityEngine.EventSystems.ExecuteEvents:Execute(GameObject, BaseEventData, EventFunction`1)
UnityEngine.EventSystems.PointerInputModule:ProcessDrag(PointerEventData)
UnityEngine.EventSystems.StandaloneInputModule:ProcessMouseEvent(Int32)
UnityEngine.EventSystems.StandaloneInputModule:ProcessMouseEvent()
UnityEngine.EventSystems.StandaloneInputModule:Process()
UnityEngine.EventSystems.EventSystem:Update()
 
(Filename:  Line: -1)

NullReferenceException: Object reference not set to an instance of an object
  at EventListener.OnDrag (UnityEngine.EventSystems.PointerEventData eventData) [0x00000] in <filename unknown>:0 
  at UnityEngine.EventSystems.ExecuteEvents.Execute (IDragHandler handler, UnityEngine.EventSystems.BaseEventData eventData) [0x00000] in <filename unknown>:0 
  at UnityEngine.EventSystems.ExecuteEvents.Execute[IDragHandler] (UnityEngine.GameObject target, UnityEngine.EventSystems.BaseEventData eventData, UnityEngine.EventSystems.EventFunction`1 functor) [0x00000] in <filename unknown>:0 
UnityEngine.DebugLogHandler:Internal_LogException(Exception, Object)
UnityEngine.DebugLogHandler:LogException(Exception, Object)
UnityEngine.Logger:LogException(Exception, Object)
UnityEngine.Debug:LogException(Exception)
UnityEngine.EventSystems.ExecuteEvents:Execute(GameObject, BaseEventData, EventFunction`1)
UnityEngine.EventSystems.PointerInputModule:ProcessDrag(PointerEventData)
UnityEngine.EventSystems.StandaloneInputModule:ProcessMouseEvent(Int32)
UnityEngine.EventSystems.StandaloneInputModule:ProcessMouseEvent()
UnityEngine.EventSystems.StandaloneInputModule:Process()
UnityEngine.EventSystems.EventSystem:Update()
 
(Filename:  Line: -1)

NullReferenceException: Object reference not set to an instance of an object
  at EventListener.OnDrag (UnityEngine.EventSystems.PointerEventData eventData) [0x00000] in <filename unknown>:0 
  at UnityEngine.EventSystems.ExecuteEvents.Execute (IDragHandler handler, UnityEngine.EventSystems.BaseEventData eventData) [0x00000] in <filename unknown>:0 
  at UnityEngine.EventSystems.ExecuteEvents.Execute[IDragHandler] (UnityEngine.GameObject target, UnityEngine.EventSystems.BaseEventData eventData, UnityEngine.EventSystems.EventFunction`1 functor) [0x00000] in <filename unknown>:0 
UnityEngine.DebugLogHandler:Internal_LogException(Exception, Object)
UnityEngine.DebugLogHandler:LogException(Exception, Object)
UnityEngine.Logger:LogException(Exception, Object)
UnityEngine.Debug:LogException(Exception)
UnityEngine.EventSystems.ExecuteEvents:Execute(GameObject, BaseEventData, EventFunction`1)
UnityEngine.EventSystems.PointerInputModule:ProcessDrag(PointerEventData)
UnityEngine.EventSystems.StandaloneInputModule:ProcessMouseEvent(Int32)
UnityEngine.EventSystems.StandaloneInputModule:ProcessMouseEvent()
UnityEngine.EventSystems.StandaloneInputModule:Process()
UnityEngine.EventSystems.EventSystem:Update()
 
(Filename:  Line: -1)

NullReferenceException: Object reference not set to an instance of an object
  at EventListener.OnDrag (UnityEngine.EventSystems.PointerEventData eventData) [0x00000] in <filename unknown>:0 
  at UnityEngine.EventSystems.ExecuteEvents.Execute (IDragHandler handler, UnityEngine.EventSystems.BaseEventData eventData) [0x00000] in <filename unknown>:0 
  at UnityEngine.EventSystems.ExecuteEvents.Execute[IDragHandler] (UnityEngine.GameObject target, UnityEngine.EventSystems.BaseEventData eventData, UnityEngine.EventSystems.EventFunction`1 functor) [0x00000] in <filename unknown>:0 
UnityEngine.DebugLogHandler:Internal_LogException(Exception, Object)
UnityEngine.DebugLogHandler:LogException(Exception, Object)
UnityEngine.Logger:LogException(Exception, Object)
UnityEngine.Debug:LogException(Exception)
UnityEngine.EventSystems.ExecuteEvents:Execute(GameObject, BaseEventData, EventFunction`1)
UnityEngine.EventSystems.PointerInputModule:ProcessDrag(PointerEventData)
UnityEngine.EventSystems.StandaloneInputModule:ProcessMouseEvent(Int32)
UnityEngine.EventSystems.StandaloneInputModule:ProcessMouseEvent()
UnityEngine.EventSystems.StandaloneInputModule:Process()
UnityEngine.EventSystems.EventSystem:Update()
 
(Filename:  Line: -1)

NullReferenceException: Object reference not set to an instance of an object
  at EventListener.OnDrag (UnityEngine.EventSystems.PointerEventData eventData) [0x00000] in <filename unknown>:0 
  at UnityEngine.EventSystems.ExecuteEvents.Execute (IDragHandler handler, UnityEngine.EventSystems.BaseEventData eventData) [0x00000] in <filename unknown>:0 
  at UnityEngine.EventSystems.ExecuteEvents.Execute[IDragHandler] (UnityEngine.GameObject target, UnityEngine.EventSystems.BaseEventData eventData, UnityEngine.EventSystems.EventFunction`1 functor) [0x00000] in <filename unknown>:0 
UnityEngine.DebugLogHandler:Internal_LogException(Exception, Object)
UnityEngine.DebugLogHandler:LogException(Exception, Object)
UnityEngine.Logger:LogException(Exception, Object)
UnityEngine.Debug:LogException(Exception)
UnityEngine.EventSystems.ExecuteEvents:Execute(GameObject, BaseEventData, EventFunction`1)
UnityEngine.EventSystems.PointerInputModule:ProcessDrag(PointerEventData)
UnityEngine.EventSystems.StandaloneInputModule:ProcessMouseEvent(Int32)
UnityEngine.EventSystems.StandaloneInputModule:ProcessMouseEvent()
UnityEngine.EventSystems.StandaloneInputModule:Process()
UnityEngine.EventSystems.EventSystem:Update()
 
(Filename:  Line: -1)

DOTWEEN :: An error inside a tween callback was silently taken care of > Array index is out of range.

  at UIController+<HideSecondBtn>c__AnonStorey6.<>m__4 () [0x00000] in <filename unknown>:0 
  at DG.Tweening.Tween.OnTweenCallback (DG.Tweening.TweenCallback callback) [0x00000] in <filename unknown>:0 


 
(Filename: C:/buildslave/unity/build/artifacts/generated/common/runtime/UnityEngineDebugBindings.gen.cpp Line: 42)

DOTWEEN :: An error inside a tween callback was silently taken care of > Array index is out of range.

  at UIController+<HideSecondBtn>c__AnonStorey6.<>m__4 () [0x00000] in <filename unknown>:0 
  at DG.Tweening.Tween.OnTweenCallback (DG.Tweening.TweenCallback callback) [0x00000] in <filename unknown>:0 


 
(Filename: C:/buildslave/unity/build/artifacts/generated/common/runtime/UnityEngineDebugBindings.gen.cpp Line: 42)

DOTWEEN :: An error inside a tween callback was silently taken care of > Array index is out of range.

  at UIController+<HideSecondBtn>c__AnonStorey6.<>m__4 () [0x00000] in <filename unknown>:0 
  at DG.Tweening.Tween.OnTweenCallback (DG.Tweening.TweenCallback callback) [0x00000] in <filename unknown>:0 


 
(Filename: C:/buildslave/unity/build/artifacts/generated/common/runtime/UnityEngineDebugBindings.gen.cpp Line: 42)

DOTWEEN :: An error inside a tween callback was silently taken care of > Array index is out of range.

  at UIController+<HideSecondBtn>c__AnonStorey6.<>m__4 () [0x00000] in <filename unknown>:0 
  at DG.Tweening.Tween.OnTweenCallback (DG.Tweening.TweenCallback callback) [0x00000] in <filename unknown>:0 


 
(Filename: C:/buildslave/unity/build/artifacts/generated/common/runtime/UnityEngineDebugBindings.gen.cpp Line: 42)

DOTWEEN :: An error inside a tween callback was silently taken care of > Array index is out of range.

  at UIController+<HideSecondBtn>c__AnonStorey6.<>m__4 () [0x00000] in <filename unknown>:0 
  at DG.Tweening.Tween.OnTweenCallback (DG.Tweening.TweenCallback callback) [0x00000] in <filename unknown>:0 


 
(Filename: C:/buildslave/unity/build/artifacts/generated/common/runtime/UnityEngineDebugBindings.gen.cpp Line: 42)

DOTWEEN :: An error inside a tween callback was silently taken care of > Array index is out of range.

  at UIController+<HideSecondBtn>c__AnonStorey6.<>m__4 () [0x00000] in <filename unknown>:0 
  at DG.Tweening.Tween.OnTweenCallback (DG.Tweening.TweenCallback callback) [0x00000] in <filename unknown>:0 


 
(Filename: C:/buildslave/unity/build/artifacts/generated/common/runtime/UnityEngineDebugBindings.gen.cpp Line: 42)

DOTWEEN :: An error inside a tween callback was silently taken care of > Array index is out of range.

  at UIController+<HideSecondBtn>c__AnonStorey6.<>m__4 () [0x00000] in <filename unknown>:0 
  at DG.Tweening.Tween.OnTweenCallback (DG.Tweening.TweenCallback callback) [0x00000] in <filename unknown>:0 


 
(Filename: C:/buildslave/unity/build/artifacts/generated/common/runtime/UnityEngineDebugBindings.gen.cpp Line: 42)

DOTWEEN :: An error inside a tween callback was silently taken care of > Array index is out of range.

  at UIController+<HideSecondBtn>c__AnonStorey6.<>m__4 () [0x00000] in <filename unknown>:0 
  at DG.Tweening.Tween.OnTweenCallback (DG.Tweening.TweenCallback callback) [0x00000] in <filename unknown>:0 


 
(Filename: C:/buildslave/unity/build/artifacts/generated/common/runtime/UnityEngineDebugBindings.gen.cpp Line: 42)

DOTWEEN :: An error inside a tween callback was silently taken care of > Array index is out of range.

  at UIController+<HideSecondBtn>c__AnonStorey6.<>m__4 () [0x00000] in <filename unknown>:0 
  at DG.Tweening.Tween.OnTweenCallback (DG.Tweening.TweenCallback callback) [0x00000] in <filename unknown>:0 


 
(Filename: C:/buildslave/unity/build/artifacts/generated/common/runtime/UnityEngineDebugBindings.gen.cpp Line: 42)

DOTWEEN :: An error inside a tween callback was silently taken care of > Array index is out of range.

  at UIController+<HideSecondBtn>c__AnonStorey6.<>m__4 () [0x00000] in <filename unknown>:0 
  at DG.Tweening.Tween.OnTweenCallback (DG.Tweening.TweenCallback callback) [0x00000] in <filename unknown>:0 


 
(Filename: C:/buildslave/unity/build/artifacts/generated/common/runtime/UnityEngineDebugBindings.gen.cpp Line: 42)

DOTWEEN :: An error inside a tween callback was silently taken care of > Array index is out of range.

  at UIController+<HideSecondBtn>c__AnonStorey6.<>m__4 () [0x00000] in <filename unknown>:0 
  at DG.Tweening.Tween.OnTweenCallback (DG.Tweening.TweenCallback callback) [0x00000] in <filename unknown>:0 


 
(Filename: C:/buildslave/unity/build/artifacts/generated/common/runtime/UnityEngineDebugBindings.gen.cpp Line: 42)

DOTWEEN :: An error inside a tween callback was silently taken care of > Array index is out of range.

  at UIController+<HideSecondBtn>c__AnonStorey6.<>m__4 () [0x00000] in <filename unknown>:0 
  at DG.Tweening.Tween.OnTweenCallback (DG.Tweening.TweenCallback callback) [0x00000] in <filename unknown>:0 


 
(Filename: C:/buildslave/unity/build/artifacts/generated/common/runtime/UnityEngineDebugBindings.gen.cpp Line: 42)

DOTWEEN :: An error inside a tween callback was silently taken care of > Array index is out of range.

  at UIController+<HideSecondBtn>c__AnonStorey6.<>m__4 () [0x00000] in <filename unknown>:0 
  at DG.Tweening.Tween.OnTweenCallback (DG.Tweening.TweenCallback callback) [0x00000] in <filename unknown>:0 


 
(Filename: C:/buildslave/unity/build/artifacts/generated/common/runtime/UnityEngineDebugBindings.gen.cpp Line: 42)

DOTWEEN :: An error inside a tween callback was silently taken care of > Array index is out of range.

  at UIController+<HideSecondBtn>c__AnonStorey6.<>m__4 () [0x00000] in <filename unknown>:0 
  at DG.Tweening.Tween.OnTweenCallback (DG.Tweening.TweenCallback callback) [0x00000] in <filename unknown>:0 


 
(Filename: C:/buildslave/unity/build/artifacts/generated/common/runtime/UnityEngineDebugBindings.gen.cpp Line: 42)

DOTWEEN :: An error inside a tween callback was silently taken care of > Array index is out of range.

  at UIController+<HideSecondBtn>c__AnonStorey6.<>m__4 () [0x00000] in <filename unknown>:0 
  at DG.Tweening.Tween.OnTweenCallback (DG.Tweening.TweenCallback callback) [0x00000] in <filename unknown>:0 


 
(Filename: C:/buildslave/unity/build/artifacts/generated/common/runtime/UnityEngineDebugBindings.gen.cpp Line: 42)

DOTWEEN :: An error inside a tween callback was silently taken care of > Array index is out of range.

  at UIController+<HideSecondBtn>c__AnonStorey6.<>m__4 () [0x00000] in <filename unknown>:0 
  at DG.Tweening.Tween.OnTweenCallback (DG.Tweening.TweenCallback callback) [0x00000] in <filename unknown>:0 


 
(Filename: C:/buildslave/unity/build/artifacts/generated/common/runtime/UnityEngineDebugBindings.gen.cpp Line: 42)

DOTWEEN :: An error inside a tween callback was silently taken care of > Array index is out of range.

  at UIController+<HideSecondBtn>c__AnonStorey6.<>m__4 () [0x00000] in <filename unknown>:0 
  at DG.Tweening.Tween.OnTweenCallback (DG.Tweening.TweenCallback callback) [0x00000] in <filename unknown>:0 


 
(Filename: C:/buildslave/unity/build/artifacts/generated/common/runtime/UnityEngineDebugBindings.gen.cpp Line: 42)

DOTWEEN :: An error inside a tween callback was silently taken care of > Array index is out of range.

  at UIController+<HideSecondBtn>c__AnonStorey6.<>m__4 () [0x00000] in <filename unknown>:0 
  at DG.Tweening.Tween.OnTweenCallback (DG.Tweening.TweenCallback callback) [0x00000] in <filename unknown>:0 


 
(Filename: C:/buildslave/unity/build/artifacts/generated/common/runtime/UnityEngineDebugBindings.gen.cpp Line: 42)

DOTWEEN :: An error inside a tween callback was silently taken care of > Array index is out of range.

  at UIController+<HideSecondBtn>c__AnonStorey6.<>m__4 () [0x00000] in <filename unknown>:0 
  at DG.Tweening.Tween.OnTweenCallback (DG.Tweening.TweenCallback callback) [0x00000] in <filename unknown>:0 


 
(Filename: C:/buildslave/unity/build/artifacts/generated/common/runtime/UnityEngineDebugBindings.gen.cpp Line: 42)

DOTWEEN :: An error inside a tween callback was silently taken care of > Array index is out of range.

  at UIController+<HideSecondBtn>c__AnonStorey6.<>m__4 () [0x00000] in <filename unknown>:0 
  at DG.Tweening.Tween.OnTweenCallback (DG.Tweening.TweenCallback callback) [0x00000] in <filename unknown>:0 


 
(Filename: C:/buildslave/unity/build/artifacts/generated/common/runtime/UnityEngineDebugBindings.gen.cpp Line: 42)

DOTWEEN :: An error inside a tween callback was silently taken care of > Array index is out of range.

  at UIController+<HideSecondBtn>c__AnonStorey6.<>m__4 () [0x00000] in <filename unknown>:0 
  at DG.Tweening.Tween.OnTweenCallback (DG.Tweening.TweenCallback callback) [0x00000] in <filename unknown>:0 


 
(Filename: C:/buildslave/unity/build/artifacts/generated/common/runtime/UnityEngineDebugBindings.gen.cpp Line: 42)

DOTWEEN :: An error inside a tween callback was silently taken care of > Array index is out of range.

  at UIController+<HideSecondBtn>c__AnonStorey6.<>m__4 () [0x00000] in <filename unknown>:0 
  at DG.Tweening.Tween.OnTweenCallback (DG.Tweening.TweenCallback callback) [0x00000] in <filename unknown>:0 


 
(Filename: C:/buildslave/unity/build/artifacts/generated/common/runtime/UnityEngineDebugBindings.gen.cpp Line: 42)

DOTWEEN :: An error inside a tween callback was silently taken care of > Array index is out of range.

  at UIController+<HideSecondBtn>c__AnonStorey6.<>m__4 () [0x00000] in <filename unknown>:0 
  at DG.Tweening.Tween.OnTweenCallback (DG.Tweening.TweenCallback callback) [0x00000] in <filename unknown>:0 


 
(Filename: C:/buildslave/unity/build/artifacts/generated/common/runtime/UnityEngineDebugBindings.gen.cpp Line: 42)

DOTWEEN :: An error inside a tween callback was silently taken care of > Array index is out of range.

  at UIController+<HideSecondBtn>c__AnonStorey6.<>m__4 () [0x00000] in <filename unknown>:0 
  at DG.Tweening.Tween.OnTweenCallback (DG.Tweening.TweenCallback callback) [0x00000] in <filename unknown>:0 


 
(Filename: C:/buildslave/unity/build/artifacts/generated/common/runtime/UnityEngineDebugBindings.gen.cpp Line: 42)

DOTWEEN :: An error inside a tween callback was silently taken care of > Array index is out of range.

  at UIController+<HideSecondBtn>c__AnonStorey6.<>m__4 () [0x00000] in <filename unknown>:0 
  at DG.Tweening.Tween.OnTweenCallback (DG.Tweening.TweenCallback callback) [0x00000] in <filename unknown>:0 


 
(Filename: C:/buildslave/unity/build/artifacts/generated/common/runtime/UnityEngineDebugBindings.gen.cpp Line: 42)

DOTWEEN :: An error inside a tween callback was silently taken care of > Array index is out of range.

  at UIController+<HideSecondBtn>c__AnonStorey6.<>m__4 () [0x00000] in <filename unknown>:0 
  at DG.Tweening.Tween.OnTweenCallback (DG.Tweening.TweenCallback callback) [0x00000] in <filename unknown>:0 


 
(Filename: C:/buildslave/unity/build/artifacts/generated/common/runtime/UnityEngineDebugBindings.gen.cpp Line: 42)

DOTWEEN :: An error inside a tween callback was silently taken care of > Array index is out of range.

  at UIController+<HideSecondBtn>c__AnonStorey6.<>m__4 () [0x00000] in <filename unknown>:0 
  at DG.Tweening.Tween.OnTweenCallback (DG.Tweening.TweenCallback callback) [0x00000] in <filename unknown>:0 


 
(Filename: C:/buildslave/unity/build/artifacts/generated/common/runtime/UnityEngineDebugBindings.gen.cpp Line: 42)

DOTWEEN :: An error inside a tween callback was silently taken care of > Array index is out of range.

  at UIController+<HideSecondBtn>c__AnonStorey6.<>m__4 () [0x00000] in <filename unknown>:0 
  at DG.Tweening.Tween.OnTweenCallback (DG.Tweening.TweenCallback callback) [0x00000] in <filename unknown>:0 


 
(Filename: C:/buildslave/unity/build/artifacts/generated/common/runtime/UnityEngineDebugBindings.gen.cpp Line: 42)

LocalEndPoint = 127.0.0.1:61428. RemoteEndPoint = 127.0.0.1:9900
 
(Filename: C:/buildslave/unity/build/artifacts/generated/common/runtime/UnityEngineDebugBindings.gen.cpp Line: 42)

Null
 
(Filename: C:/buildslave/unity/build/artifacts/generated/common/runtime/UnityEngineDebugBindings.gen.cpp Line: 42)

LocalEndPoint = 127.0.0.1:61428. RemoteEndPoint = 127.0.0.1:9900
 
(Filename: C:/buildslave/unity/build/artifacts/generated/common/runtime/UnityEngineDebugBindings.gen.cpp Line: 42)

Null
 
(Filename: C:/buildslave/unity/build/artifacts/generated/common/runtime/UnityEngineDebugBindings.gen.cpp Line: 42)

NullReferenceException: Object reference not set to an instance of an object
  at EventListener.OnDrag (UnityEngine.EventSystems.PointerEventData eventData) [0x00000] in <filename unknown>:0 
  at UnityEngine.EventSystems.ExecuteEvents.Execute (IDragHandler handler, UnityEngine.EventSystems.BaseEventData eventData) [0x00000] in <filename unknown>:0 
  at UnityEngine.EventSystems.ExecuteEvents.Execute[IDragHandler] (UnityEngine.GameObject target, UnityEngine.EventSystems.BaseEventData eventData, UnityEngine.EventSystems.EventFunction`1 functor) [0x00000] in <filename unknown>:0 
UnityEngine.DebugLogHandler:Internal_LogException(Exception, Object)
UnityEngine.DebugLogHandler:LogException(Exception, Object)
UnityEngine.Logger:LogException(Exception, Object)
UnityEngine.Debug:LogException(Exception)
UnityEngine.EventSystems.ExecuteEvents:Execute(GameObject, BaseEventData, EventFunction`1)
UnityEngine.EventSystems.PointerInputModule:ProcessDrag(PointerEventData)
UnityEngine.EventSystems.StandaloneInputModule:ProcessMouseEvent(Int32)
UnityEngine.EventSystems.StandaloneInputModule:ProcessMouseEvent()
UnityEngine.EventSystems.StandaloneInputModule:Process()
UnityEngine.EventSystems.EventSystem:Update()
 
(Filename:  Line: -1)

LocalEndPoint = 127.0.0.1:61428. RemoteEndPoint = 127.0.0.1:9900
 
(Filename: C:/buildslave/unity/build/artifacts/generated/common/runtime/UnityEngineDebugBindings.gen.cpp Line: 42)

Null
 
(Filename: C:/buildslave/unity/build/artifacts/generated/common/runtime/UnityEngineDebugBindings.gen.cpp Line: 42)

NullReferenceException: Object reference not set to an instance of an object
  at EventListener.OnDrag (UnityEngine.EventSystems.PointerEventData eventData) [0x00000] in <filename unknown>:0 
  at UnityEngine.EventSystems.ExecuteEvents.Execute (IDragHandler handler, UnityEngine.EventSystems.BaseEventData eventData) [0x00000] in <filename unknown>:0 
  at UnityEngine.EventSystems.ExecuteEvents.Execute[IDragHandler] (UnityEngine.GameObject target, UnityEngine.EventSystems.BaseEventData eventData, UnityEngine.EventSystems.EventFunction`1 functor) [0x00000] in <filename unknown>:0 
UnityEngine.DebugLogHandler:Internal_LogException(Exception, Object)
UnityEngine.DebugLogHandler:LogException(Exception, Object)
UnityEngine.Logger:LogException(Exception, Object)
UnityEngine.Debug:LogException(Exception)
UnityEngine.EventSystems.ExecuteEvents:Execute(GameObject, BaseEventData, EventFunction`1)
UnityEngine.EventSystems.PointerInputModule:ProcessDrag(PointerEventData)
UnityEngine.EventSystems.StandaloneInputModule:ProcessMouseEvent(Int32)
UnityEngine.EventSystems.StandaloneInputModule:ProcessMouseEvent()
UnityEngine.EventSystems.StandaloneInputModule:Process()
UnityEngine.EventSystems.EventSystem:Update()
 
(Filename:  Line: -1)

LocalEndPoint = 127.0.0.1:61428. RemoteEndPoint = 127.0.0.1:9900
 
(Filename: C:/buildslave/unity/build/artifacts/generated/common/runtime/UnityEngineDebugBindings.gen.cpp Line: 42)

Null
 
(Filename: C:/buildslave/unity/build/artifacts/generated/common/runtime/UnityEngineDebugBindings.gen.cpp Line: 42)

NullReferenceException: Object reference not set to an instance of an object
  at EventListener.OnDrag (UnityEngine.EventSystems.PointerEventData eventData) [0x00000] in <filename unknown>:0 
  at UnityEngine.EventSystems.ExecuteEvents.Execute (IDragHandler handler, UnityEngine.EventSystems.BaseEventData eventData) [0x00000] in <filename unknown>:0 
  at UnityEngine.EventSystems.ExecuteEvents.Execute[IDragHandler] (UnityEngine.GameObject target, UnityEngine.EventSystems.BaseEventData eventData, UnityEngine.EventSystems.EventFunction`1 functor) [0x00000] in <filename unknown>:0 
UnityEngine.DebugLogHandler:Internal_LogException(Exception, Object)
UnityEngine.DebugLogHandler:LogException(Exception, Object)
UnityEngine.Logger:LogException(Exception, Object)
UnityEngine.Debug:LogException(Exception)
UnityEngine.EventSystems.ExecuteEvents:Execute(GameObject, BaseEventData, EventFunction`1)
UnityEngine.EventSystems.PointerInputModule:ProcessDrag(PointerEventData)
UnityEngine.EventSystems.StandaloneInputModule:ProcessMouseEvent(Int32)
UnityEngine.EventSystems.StandaloneInputModule:ProcessMouseEvent()
UnityEngine.EventSystems.StandaloneInputModule:Process()
UnityEngine.EventSystems.EventSystem:Update()
 
(Filename:  Line: -1)

LocalEndPoint = 127.0.0.1:61428. RemoteEndPoint = 127.0.0.1:9900
 
(Filename: C:/buildslave/unity/build/artifacts/generated/common/runtime/UnityEngineDebugBindings.gen.cpp Line: 42)

Null
 
(Filename: C:/buildslave/unity/build/artifacts/generated/common/runtime/UnityEngineDebugBindings.gen.cpp Line: 42)

NullReferenceException: Object reference not set to an instance of an object
  at EventListener.OnDrag (UnityEngine.EventSystems.PointerEventData eventData) [0x00000] in <filename unknown>:0 
  at UnityEngine.EventSystems.ExecuteEvents.Execute (IDragHandler handler, UnityEngine.EventSystems.BaseEventData eventData) [0x00000] in <filename unknown>:0 
  at UnityEngine.EventSystems.ExecuteEvents.Execute[IDragHandler] (UnityEngine.GameObject target, UnityEngine.EventSystems.BaseEventData eventData, UnityEngine.EventSystems.EventFunction`1 functor) [0x00000] in <filename unknown>:0 
UnityEngine.DebugLogHandler:Internal_LogException(Exception, Object)
UnityEngine.DebugLogHandler:LogException(Exception, Object)
UnityEngine.Logger:LogException(Exception, Object)
UnityEngine.Debug:LogException(Exception)
UnityEngine.EventSystems.ExecuteEvents:Execute(GameObject, BaseEventData, EventFunction`1)
UnityEngine.EventSystems.PointerInputModule:ProcessDrag(PointerEventData)
UnityEngine.EventSystems.StandaloneInputModule:ProcessMouseEvent(Int32)
UnityEngine.EventSystems.StandaloneInputModule:ProcessMouseEvent()
UnityEngine.EventSystems.StandaloneInputModule:Process()
UnityEngine.EventSystems.EventSystem:Update()
 
(Filename:  Line: -1)

LocalEndPoint = 127.0.0.1:61428. RemoteEndPoint = 127.0.0.1:9900
 
(Filename: C:/buildslave/unity/build/artifacts/generated/common/runtime/UnityEngineDebugBindings.gen.cpp Line: 42)

Null
 
(Filename: C:/buildslave/unity/build/artifacts/generated/common/runtime/UnityEngineDebugBindings.gen.cpp Line: 42)

NullReferenceException: Object reference not set to an instance of an object
  at EventListener.OnDrag (UnityEngine.EventSystems.PointerEventData eventData) [0x00000] in <filename unknown>:0 
  at UnityEngine.EventSystems.ExecuteEvents.Execute (IDragHandler handler, UnityEngine.EventSystems.BaseEventData eventData) [0x00000] in <filename unknown>:0 
  at UnityEngine.EventSystems.ExecuteEvents.Execute[IDragHandler] (UnityEngine.GameObject target, UnityEngine.EventSystems.BaseEventData eventData, UnityEngine.EventSystems.EventFunction`1 functor) [0x00000] in <filename unknown>:0 
UnityEngine.DebugLogHandler:Internal_LogException(Exception, Object)
UnityEngine.DebugLogHandler:LogException(Exception, Object)
UnityEngine.Logger:LogException(Exception, Object)
UnityEngine.Debug:LogException(Exception)
UnityEngine.EventSystems.ExecuteEvents:Execute(GameObject, BaseEventData, EventFunction`1)
UnityEngine.EventSystems.PointerInputModule:ProcessDrag(PointerEventData)
UnityEngine.EventSystems.StandaloneInputModule:ProcessMouseEvent(Int32)
UnityEngine.EventSystems.StandaloneInputModule:ProcessMouseEvent()
UnityEngine.EventSystems.StandaloneInputModule:Process()
UnityEngine.EventSystems.EventSystem:Update()
 
(Filename:  Line: -1)

LocalEndPoint = 127.0.0.1:61428. RemoteEndPoint = 127.0.0.1:9900
 
(Filename: C:/buildslave/unity/build/artifacts/generated/common/runtime/UnityEngineDebugBindings.gen.cpp Line: 42)

Null
 
(Filename: C:/buildslave/unity/build/artifacts/generated/common/runtime/UnityEngineDebugBindings.gen.cpp Line: 42)

NullReferenceException: Object reference not set to an instance of an object
  at EventListener.OnDrag (UnityEngine.EventSystems.PointerEventData eventData) [0x00000] in <filename unknown>:0 
  at UnityEngine.EventSystems.ExecuteEvents.Execute (IDragHandler handler, UnityEngine.EventSystems.BaseEventData eventData) [0x00000] in <filename unknown>:0 
  at UnityEngine.EventSystems.ExecuteEvents.Execute[IDragHandler] (UnityEngine.GameObject target, UnityEngine.EventSystems.BaseEventData eventData, UnityEngine.EventSystems.EventFunction`1 functor) [0x00000] in <filename unknown>:0 
UnityEngine.DebugLogHandler:Internal_LogException(Exception, Object)
UnityEngine.DebugLogHandler:LogException(Exception, Object)
UnityEngine.Logger:LogException(Exception, Object)
UnityEngine.Debug:LogException(Exception)
UnityEngine.EventSystems.ExecuteEvents:Execute(GameObject, BaseEventData, EventFunction`1)
UnityEngine.EventSystems.PointerInputModule:ProcessDrag(PointerEventData)
UnityEngine.EventSystems.StandaloneInputModule:ProcessMouseEvent(Int32)
UnityEngine.EventSystems.StandaloneInputModule:ProcessMouseEvent()
UnityEngine.EventSystems.StandaloneInputModule:Process()
UnityEngine.EventSystems.EventSystem:Update()
 
(Filename:  Line: -1)

LocalEndPoint = 127.0.0.1:61428. RemoteEndPoint = 127.0.0.1:9900
 
(Filename: C:/buildslave/unity/build/artifacts/generated/common/runtime/UnityEngineDebugBindings.gen.cpp Line: 42)

Null
 
(Filename: C:/buildslave/unity/build/artifacts/generated/common/runtime/UnityEngineDebugBindings.gen.cpp Line: 42)

NullReferenceException: Object reference not set to an instance of an object
  at EventListener.OnDrag (UnityEngine.EventSystems.PointerEventData eventData) [0x00000] in <filename unknown>:0 
  at UnityEngine.EventSystems.ExecuteEvents.Execute (IDragHandler handler, UnityEngine.EventSystems.BaseEventData eventData) [0x00000] in <filename unknown>:0 
  at UnityEngine.EventSystems.ExecuteEvents.Execute[IDragHandler] (UnityEngine.GameObject target, UnityEngine.EventSystems.BaseEventData eventData, UnityEngine.EventSystems.EventFunction`1 functor) [0x00000] in <filename unknown>:0 
UnityEngine.DebugLogHandler:Internal_LogException(Exception, Object)
UnityEngine.DebugLogHandler:LogException(Exception, Object)
UnityEngine.Logger:LogException(Exception, Object)
UnityEngine.Debug:LogException(Exception)
UnityEngine.EventSystems.ExecuteEvents:Execute(GameObject, BaseEventData, EventFunction`1)
UnityEngine.EventSystems.PointerInputModule:ProcessDrag(PointerEventData)
UnityEngine.EventSystems.StandaloneInputModule:ProcessMouseEvent(Int32)
UnityEngine.EventSystems.StandaloneInputModule:ProcessMouseEvent()
UnityEngine.EventSystems.StandaloneInputModule:Process()
UnityEngine.EventSystems.EventSystem:Update()
 
(Filename:  Line: -1)

DOTWEEN :: An error inside a tween callback was silently taken care of > Array index is out of range.

  at UIController+<HideSecondBtn>c__AnonStorey6.<>m__4 () [0x00000] in <filename unknown>:0 
  at DG.Tweening.Tween.OnTweenCallback (DG.Tweening.TweenCallback callback) [0x00000] in <filename unknown>:0 


 
(Filename: C:/buildslave/unity/build/artifacts/generated/common/runtime/UnityEngineDebugBindings.gen.cpp Line: 42)

DOTWEEN :: An error inside a tween callback was silently taken care of > Array index is out of range.

  at UIController+<HideSecondBtn>c__AnonStorey6.<>m__4 () [0x00000] in <filename unknown>:0 
  at DG.Tweening.Tween.OnTweenCallback (DG.Tweening.TweenCallback callback) [0x00000] in <filename unknown>:0 


 
(Filename: C:/buildslave/unity/build/artifacts/generated/common/runtime/UnityEngineDebugBindings.gen.cpp Line: 42)

DOTWEEN :: An error inside a tween callback was silently taken care of > Array index is out of range.

  at UIController+<HideSecondBtn>c__AnonStorey6.<>m__4 () [0x00000] in <filename unknown>:0 
  at DG.Tweening.Tween.OnTweenCallback (DG.Tweening.TweenCallback callback) [0x00000] in <filename unknown>:0 


 
(Filename: C:/buildslave/unity/build/artifacts/generated/common/runtime/UnityEngineDebugBindings.gen.cpp Line: 42)

DOTWEEN :: An error inside a tween callback was silently taken care of > Array index is out of range.

  at UIController+<HideSecondBtn>c__AnonStorey6.<>m__4 () [0x00000] in <filename unknown>:0 
  at DG.Tweening.Tween.OnTweenCallback (DG.Tweening.TweenCallback callback) [0x00000] in <filename unknown>:0 


 
(Filename: C:/buildslave/unity/build/artifacts/generated/common/runtime/UnityEngineDebugBindings.gen.cpp Line: 42)

LocalEndPoint = 127.0.0.1:61428. RemoteEndPoint = 127.0.0.1:9900
 
(Filename: C:/buildslave/unity/build/artifacts/generated/common/runtime/UnityEngineDebugBindings.gen.cpp Line: 42)

Null
 
(Filename: C:/buildslave/unity/build/artifacts/generated/common/runtime/UnityEngineDebugBindings.gen.cpp Line: 42)

LocalEndPoint = 127.0.0.1:61428. RemoteEndPoint = 127.0.0.1:9900
 
(Filename: C:/buildslave/unity/build/artifacts/generated/common/runtime/UnityEngineDebugBindings.gen.cpp Line: 42)

Null
 
(Filename: C:/buildslave/unity/build/artifacts/generated/common/runtime/UnityEngineDebugBindings.gen.cpp Line: 42)

LocalEndPoint = 127.0.0.1:61428. RemoteEndPoint = 127.0.0.1:9900
 
(Filename: C:/buildslave/unity/build/artifacts/generated/common/runtime/UnityEngineDebugBindings.gen.cpp Line: 42)

Null
 
(Filename: C:/buildslave/unity/build/artifacts/generated/common/runtime/UnityEngineDebugBindings.gen.cpp Line: 42)

LocalEndPoint = 127.0.0.1:61428. RemoteEndPoint = 127.0.0.1:9900
 
(Filename: C:/buildslave/unity/build/artifacts/generated/common/runtime/UnityEngineDebugBindings.gen.cpp Line: 42)

Null
 
(Filename: C:/buildslave/unity/build/artifacts/generated/common/runtime/UnityEngineDebugBindings.gen.cpp Line: 42)

LocalEndPoint = 127.0.0.1:61428. RemoteEndPoint = 127.0.0.1:9900
 
(Filename: C:/buildslave/unity/build/artifacts/generated/common/runtime/UnityEngineDebugBindings.gen.cpp Line: 42)

Null
 
(Filename: C:/buildslave/unity/build/artifacts/generated/common/runtime/UnityEngineDebugBindings.gen.cpp Line: 42)

LocalEndPoint = 127.0.0.1:61428. RemoteEndPoint = 127.0.0.1:9900
 
(Filename: C:/buildslave/unity/build/artifacts/generated/common/runtime/UnityEngineDebugBindings.gen.cpp Line: 42)

Null
 
(Filename: C:/buildslave/unity/build/artifacts/generated/common/runtime/UnityEngineDebugBindings.gen.cpp Line: 42)

LocalEndPoint = 127.0.0.1:61428. RemoteEndPoint = 127.0.0.1:9900
 
(Filename: C:/buildslave/unity/build/artifacts/generated/common/runtime/UnityEngineDebugBindings.gen.cpp Line: 42)

Null
 
(Filename: C:/buildslave/unity/build/artifacts/generated/common/runtime/UnityEngineDebugBindings.gen.cpp Line: 42)

LocalEndPoint = 127.0.0.1:61428. RemoteEndPoint = 127.0.0.1:9900
 
(Filename: C:/buildslave/unity/build/artifacts/generated/common/runtime/UnityEngineDebugBindings.gen.cpp Line: 42)

Null
 
(Filename: C:/buildslave/unity/build/artifacts/generated/common/runtime/UnityEngineDebugBindings.gen.cpp Line: 42)

LocalEndPoint = 127.0.0.1:61428. RemoteEndPoint = 127.0.0.1:9900
 
(Filename: C:/buildslave/unity/build/artifacts/generated/common/runtime/UnityEngineDebugBindings.gen.cpp Line: 42)

Null
 
(Filename: C:/buildslave/unity/build/artifacts/generated/common/runtime/UnityEngineDebugBindings.gen.cpp Line: 42)

LocalEndPoint = 127.0.0.1:61428. RemoteEndPoint = 127.0.0.1:9900
 
(Filename: C:/buildslave/unity/build/artifacts/generated/common/runtime/UnityEngineDebugBindings.gen.cpp Line: 42)

Null
 
(Filename: C:/buildslave/unity/build/artifacts/generated/common/runtime/UnityEngineDebugBindings.gen.cpp Line: 42)

LocalEndPoint = 127.0.0.1:61428. RemoteEndPoint = 127.0.0.1:9900
 
(Filename: C:/buildslave/unity/build/artifacts/generated/common/runtime/UnityEngineDebugBindings.gen.cpp Line: 42)

Null
 
(Filename: C:/buildslave/unity/build/artifacts/generated/common/runtime/UnityEngineDebugBindings.gen.cpp Line: 42)

LocalEndPoint = 127.0.0.1:61428. RemoteEndPoint = 127.0.0.1:9900
 
(Filename: C:/buildslave/unity/build/artifacts/generated/common/runtime/UnityEngineDebugBindings.gen.cpp Line: 42)

Null
 
(Filename: C:/buildslave/unity/build/artifacts/generated/common/runtime/UnityEngineDebugBindings.gen.cpp Line: 42)

LocalEndPoint = 127.0.0.1:61428. RemoteEndPoint = 127.0.0.1:9900
 
(Filename: C:/buildslave/unity/build/artifacts/generated/common/runtime/UnityEngineDebugBindings.gen.cpp Line: 42)

Null
 
(Filename: C:/buildslave/unity/build/artifacts/generated/common/runtime/UnityEngineDebugBindings.gen.cpp Line: 42)

LocalEndPoint = 127.0.0.1:61428. RemoteEndPoint = 127.0.0.1:9900
 
(Filename: C:/buildslave/unity/build/artifacts/generated/common/runtime/UnityEngineDebugBindings.gen.cpp Line: 42)

Null
 
(Filename: C:/buildslave/unity/build/artifacts/generated/common/runtime/UnityEngineDebugBindings.gen.cpp Line: 42)

LocalEndPoint = 127.0.0.1:61428. RemoteEndPoint = 127.0.0.1:9900
 
(Filename: C:/buildslave/unity/build/artifacts/generated/common/runtime/UnityEngineDebugBindings.gen.cpp Line: 42)

Null
 
(Filename: C:/buildslave/unity/build/artifacts/generated/common/runtime/UnityEngineDebugBindings.gen.cpp Line: 42)

LocalEndPoint = 127.0.0.1:61428. RemoteEndPoint = 127.0.0.1:9900
 
(Filename: C:/buildslave/unity/build/artifacts/generated/common/runtime/UnityEngineDebugBindings.gen.cpp Line: 42)

Null
 
(Filename: C:/buildslave/unity/build/artifacts/generated/common/runtime/UnityEngineDebugBindings.gen.cpp Line: 42)

DOTWEEN :: An error inside a tween callback was silently taken care of > Array index is out of range.

  at UIController+<HideSecondBtn>c__AnonStorey6.<>m__4 () [0x00000] in <filename unknown>:0 
  at DG.Tweening.Tween.OnTweenCallback (DG.Tweening.TweenCallback callback) [0x00000] in <filename unknown>:0 


 
(Filename: C:/buildslave/unity/build/artifacts/generated/common/runtime/UnityEngineDebugBindings.gen.cpp Line: 42)

DOTWEEN :: An error inside a tween callback was silently taken care of > Array index is out of range.

  at UIController+<HideSecondBtn>c__AnonStorey6.<>m__4 () [0x00000] in <filename unknown>:0 
  at DG.Tweening.Tween.OnTweenCallback (DG.Tweening.TweenCallback callback) [0x00000] in <filename unknown>:0 


 
(Filename: C:/buildslave/unity/build/artifacts/generated/common/runtime/UnityEngineDebugBindings.gen.cpp Line: 42)

DOTWEEN :: An error inside a tween callback was silently taken care of > Array index is out of range.

  at UIController+<HideSecondBtn>c__AnonStorey6.<>m__4 () [0x00000] in <filename unknown>:0 
  at DG.Tweening.Tween.OnTweenCallback (DG.Tweening.TweenCallback callback) [0x00000] in <filename unknown>:0 


 
(Filename: C:/buildslave/unity/build/artifacts/generated/common/runtime/UnityEngineDebugBindings.gen.cpp Line: 42)

DOTWEEN :: An error inside a tween callback was silently taken care of > Array index is out of range.

  at UIController+<HideSecondBtn>c__AnonStorey6.<>m__4 () [0x00000] in <filename unknown>:0 
  at DG.Tweening.Tween.OnTweenCallback (DG.Tweening.TweenCallback callback) [0x00000] in <filename unknown>:0 


 
(Filename: C:/buildslave/unity/build/artifacts/generated/common/runtime/UnityEngineDebugBindings.gen.cpp Line: 42)

LocalEndPoint = 127.0.0.1:61428. RemoteEndPoint = 127.0.0.1:9900
 
(Filename: C:/buildslave/unity/build/artifacts/generated/common/runtime/UnityEngineDebugBindings.gen.cpp Line: 42)

Null
 
(Filename: C:/buildslave/unity/build/artifacts/generated/common/runtime/UnityEngineDebugBindings.gen.cpp Line: 42)

NullReferenceException: Object reference not set to an instance of an object
  at EventListener.OnDrag (UnityEngine.EventSystems.PointerEventData eventData) [0x00000] in <filename unknown>:0 
  at UnityEngine.EventSystems.ExecuteEvents.Execute (IDragHandler handler, UnityEngine.EventSystems.BaseEventData eventData) [0x00000] in <filename unknown>:0 
  at UnityEngine.EventSystems.ExecuteEvents.Execute[IDragHandler] (UnityEngine.GameObject target, UnityEngine.EventSystems.BaseEventData eventData, UnityEngine.EventSystems.EventFunction`1 functor) [0x00000] in <filename unknown>:0 
UnityEngine.DebugLogHandler:Internal_LogException(Exception, Object)
UnityEngine.DebugLogHandler:LogException(Exception, Object)
UnityEngine.Logger:LogException(Exception, Object)
UnityEngine.Debug:LogException(Exception)
UnityEngine.EventSystems.ExecuteEvents:Execute(GameObject, BaseEventData, EventFunction`1)
UnityEngine.EventSystems.PointerInputModule:ProcessDrag(PointerEventData)
UnityEngine.EventSystems.StandaloneInputModule:ProcessMouseEvent(Int32)
UnityEngine.EventSystems.StandaloneInputModule:ProcessMouseEvent()
UnityEngine.EventSystems.StandaloneInputModule:Process()
UnityEngine.EventSystems.EventSystem:Update()
 
(Filename:  Line: -1)

LocalEndPoint = 127.0.0.1:61428. RemoteEndPoint = 127.0.0.1:9900
 
(Filename: C:/buildslave/unity/build/artifacts/generated/common/runtime/UnityEngineDebugBindings.gen.cpp Line: 42)

Null
 
(Filename: C:/buildslave/unity/build/artifacts/generated/common/runtime/UnityEngineDebugBindings.gen.cpp Line: 42)

NullReferenceException: Object reference not set to an instance of an object
  at EventListener.OnDrag (UnityEngine.EventSystems.PointerEventData eventData) [0x00000] in <filename unknown>:0 
  at UnityEngine.EventSystems.ExecuteEvents.Execute (IDragHandler handler, UnityEngine.EventSystems.BaseEventData eventData) [0x00000] in <filename unknown>:0 
  at UnityEngine.EventSystems.ExecuteEvents.Execute[IDragHandler] (UnityEngine.GameObject target, UnityEngine.EventSystems.BaseEventData eventData, UnityEngine.EventSystems.EventFunction`1 functor) [0x00000] in <filename unknown>:0 
UnityEngine.DebugLogHandler:Internal_LogException(Exception, Object)
UnityEngine.DebugLogHandler:LogException(Exception, Object)
UnityEngine.Logger:LogException(Exception, Object)
UnityEngine.Debug:LogException(Exception)
UnityEngine.EventSystems.ExecuteEvents:Execute(GameObject, BaseEventData, EventFunction`1)
UnityEngine.EventSystems.PointerInputModule:ProcessDrag(PointerEventData)
UnityEngine.EventSystems.StandaloneInputModule:ProcessMouseEvent(Int32)
UnityEngine.EventSystems.StandaloneInputModule:ProcessMouseEvent()
UnityEngine.EventSystems.StandaloneInputModule:Process()
UnityEngine.EventSystems.EventSystem:Update()
 
(Filename:  Line: -1)

LocalEndPoint = 127.0.0.1:61428. RemoteEndPoint = 127.0.0.1:9900
 
(Filename: C:/buildslave/unity/build/artifacts/generated/common/runtime/UnityEngineDebugBindings.gen.cpp Line: 42)

Null
 
(Filename: C:/buildslave/unity/build/artifacts/generated/common/runtime/UnityEngineDebugBindings.gen.cpp Line: 42)

NullReferenceException: Object reference not set to an instance of an object
  at EventListener.OnDrag (UnityEngine.EventSystems.PointerEventData eventData) [0x00000] in <filename unknown>:0 
  at UnityEngine.EventSystems.ExecuteEvents.Execute (IDragHandler handler, UnityEngine.EventSystems.BaseEventData eventData) [0x00000] in <filename unknown>:0 
  at UnityEngine.EventSystems.ExecuteEvents.Execute[IDragHandler] (UnityEngine.GameObject target, UnityEngine.EventSystems.BaseEventData eventData, UnityEngine.EventSystems.EventFunction`1 functor) [0x00000] in <filename unknown>:0 
UnityEngine.DebugLogHandler:Internal_LogException(Exception, Object)
UnityEngine.DebugLogHandler:LogException(Exception, Object)
UnityEngine.Logger:LogException(Exception, Object)
UnityEngine.Debug:LogException(Exception)
UnityEngine.EventSystems.ExecuteEvents:Execute(GameObject, BaseEventData, EventFunction`1)
UnityEngine.EventSystems.PointerInputModule:ProcessDrag(PointerEventData)
UnityEngine.EventSystems.StandaloneInputModule:ProcessMouseEvent(Int32)
UnityEngine.EventSystems.StandaloneInputModule:ProcessMouseEvent()
UnityEngine.EventSystems.StandaloneInputModule:Process()
UnityEngine.EventSystems.EventSystem:Update()
 
(Filename:  Line: -1)

LocalEndPoint = 127.0.0.1:61428. RemoteEndPoint = 127.0.0.1:9900
 
(Filename: C:/buildslave/unity/build/artifacts/generated/common/runtime/UnityEngineDebugBindings.gen.cpp Line: 42)

Null
 
(Filename: C:/buildslave/unity/build/artifacts/generated/common/runtime/UnityEngineDebugBindings.gen.cpp Line: 42)

NullReferenceException: Object reference not set to an instance of an object
  at EventListener.OnDrag (UnityEngine.EventSystems.PointerEventData eventData) [0x00000] in <filename unknown>:0 
  at UnityEngine.EventSystems.ExecuteEvents.Execute (IDragHandler handler, UnityEngine.EventSystems.BaseEventData eventData) [0x00000] in <filename unknown>:0 
  at UnityEngine.EventSystems.ExecuteEvents.Execute[IDragHandler] (UnityEngine.GameObject target, UnityEngine.EventSystems.BaseEventData eventData, UnityEngine.EventSystems.EventFunction`1 functor) [0x00000] in <filename unknown>:0 
UnityEngine.DebugLogHandler:Internal_LogException(Exception, Object)
UnityEngine.DebugLogHandler:LogException(Exception, Object)
UnityEngine.Logger:LogException(Exception, Object)
UnityEngine.Debug:LogException(Exception)
UnityEngine.EventSystems.ExecuteEvents:Execute(GameObject, BaseEventData, EventFunction`1)
UnityEngine.EventSystems.PointerInputModule:ProcessDrag(PointerEventData)
UnityEngine.EventSystems.StandaloneInputModule:ProcessMouseEvent(Int32)
UnityEngine.EventSystems.StandaloneInputModule:ProcessMouseEvent()
UnityEngine.EventSystems.StandaloneInputModule:Process()
UnityEngine.EventSystems.EventSystem:Update()
 
(Filename:  Line: -1)

LocalEndPoint = 127.0.0.1:61428. RemoteEndPoint = 127.0.0.1:9900
 
(Filename: C:/buildslave/unity/build/artifacts/generated/common/runtime/UnityEngineDebugBindings.gen.cpp Line: 42)

Null
 
(Filename: C:/buildslave/unity/build/artifacts/generated/common/runtime/UnityEngineDebugBindings.gen.cpp Line: 42)

NullReferenceException: Object reference not set to an instance of an object
  at EventListener.OnDrag (UnityEngine.EventSystems.PointerEventData eventData) [0x00000] in <filename unknown>:0 
  at UnityEngine.EventSystems.ExecuteEvents.Execute (IDragHandler handler, UnityEngine.EventSystems.BaseEventData eventData) [0x00000] in <filename unknown>:0 
  at UnityEngine.EventSystems.ExecuteEvents.Execute[IDragHandler] (UnityEngine.GameObject target, UnityEngine.EventSystems.BaseEventData eventData, UnityEngine.EventSystems.EventFunction`1 functor) [0x00000] in <filename unknown>:0 
UnityEngine.DebugLogHandler:Internal_LogException(Exception, Object)
UnityEngine.DebugLogHandler:LogException(Exception, Object)
UnityEngine.Logger:LogException(Exception, Object)
UnityEngine.Debug:LogException(Exception)
UnityEngine.EventSystems.ExecuteEvents:Execute(GameObject, BaseEventData, EventFunction`1)
UnityEngine.EventSystems.PointerInputModule:ProcessDrag(PointerEventData)
UnityEngine.EventSystems.StandaloneInputModule:ProcessMouseEvent(Int32)
UnityEngine.EventSystems.StandaloneInputModule:ProcessMouseEvent()
UnityEngine.EventSystems.StandaloneInputModule:Process()
UnityEngine.EventSystems.EventSystem:Update()
 
(Filename:  Line: -1)

LocalEndPoint = 127.0.0.1:61428. RemoteEndPoint = 127.0.0.1:9900
 
(Filename: C:/buildslave/unity/build/artifacts/generated/common/runtime/UnityEngineDebugBindings.gen.cpp Line: 42)

Null
 
(Filename: C:/buildslave/unity/build/artifacts/generated/common/runtime/UnityEngineDebugBindings.gen.cpp Line: 42)

NullReferenceException: Object reference not set to an instance of an object
  at EventListener.OnDrag (UnityEngine.EventSystems.PointerEventData eventData) [0x00000] in <filename unknown>:0 
  at UnityEngine.EventSystems.ExecuteEvents.Execute (IDragHandler handler, UnityEngine.EventSystems.BaseEventData eventData) [0x00000] in <filename unknown>:0 
  at UnityEngine.EventSystems.ExecuteEvents.Execute[IDragHandler] (UnityEngine.GameObject target, UnityEngine.EventSystems.BaseEventData eventData, UnityEngine.EventSystems.EventFunction`1 functor) [0x00000] in <filename unknown>:0 
UnityEngine.DebugLogHandler:Internal_LogException(Exception, Object)
UnityEngine.DebugLogHandler:LogException(Exception, Object)
UnityEngine.Logger:LogException(Exception, Object)
UnityEngine.Debug:LogException(Exception)
UnityEngine.EventSystems.ExecuteEvents:Execute(GameObject, BaseEventData, EventFunction`1)
UnityEngine.EventSystems.PointerInputModule:ProcessDrag(PointerEventData)
UnityEngine.EventSystems.StandaloneInputModule:ProcessMouseEvent(Int32)
UnityEngine.EventSystems.StandaloneInputModule:ProcessMouseEvent()
UnityEngine.EventSystems.StandaloneInputModule:Process()
UnityEngine.EventSystems.EventSystem:Update()
 
(Filename:  Line: -1)

LocalEndPoint = 127.0.0.1:61428. RemoteEndPoint = 127.0.0.1:9900
 
(Filename: C:/buildslave/unity/build/artifacts/generated/common/runtime/UnityEngineDebugBindings.gen.cpp Line: 42)

Null
 
(Filename: C:/buildslave/unity/build/artifacts/generated/common/runtime/UnityEngineDebugBindings.gen.cpp Line: 42)

NullReferenceException: Object reference not set to an instance of an object
  at EventListener.OnDrag (UnityEngine.EventSystems.PointerEventData eventData) [0x00000] in <filename unknown>:0 
  at UnityEngine.EventSystems.ExecuteEvents.Execute (IDragHandler handler, UnityEngine.EventSystems.BaseEventData eventData) [0x00000] in <filename unknown>:0 
  at UnityEngine.EventSystems.ExecuteEvents.Execute[IDragHandler] (UnityEngine.GameObject target, UnityEngine.EventSystems.BaseEventData eventData, UnityEngine.EventSystems.EventFunction`1 functor) [0x00000] in <filename unknown>:0 
UnityEngine.DebugLogHandler:Internal_LogException(Exception, Object)
UnityEngine.DebugLogHandler:LogException(Exception, Object)
UnityEngine.Logger:LogException(Exception, Object)
UnityEngine.Debug:LogException(Exception)
UnityEngine.EventSystems.ExecuteEvents:Execute(GameObject, BaseEventData, EventFunction`1)
UnityEngine.EventSystems.PointerInputModule:ProcessDrag(PointerEventData)
UnityEngine.EventSystems.StandaloneInputModule:ProcessMouseEvent(Int32)
UnityEngine.EventSystems.StandaloneInputModule:ProcessMouseEvent()
UnityEngine.EventSystems.StandaloneInputModule:Process()
UnityEngine.EventSystems.EventSystem:Update()
 
(Filename:  Line: -1)

LocalEndPoint = 127.0.0.1:61428. RemoteEndPoint = 127.0.0.1:9900
 
(Filename: C:/buildslave/unity/build/artifacts/generated/common/runtime/UnityEngineDebugBindings.gen.cpp Line: 42)

Null
 
(Filename: C:/buildslave/unity/build/artifacts/generated/common/runtime/UnityEngineDebugBindings.gen.cpp Line: 42)

NullReferenceException: Object reference not set to an instance of an object
  at EventListener.OnDrag (UnityEngine.EventSystems.PointerEventData eventData) [0x00000] in <filename unknown>:0 
  at UnityEngine.EventSystems.ExecuteEvents.Execute (IDragHandler handler, UnityEngine.EventSystems.BaseEventData eventData) [0x00000] in <filename unknown>:0 
  at UnityEngine.EventSystems.ExecuteEvents.Execute[IDragHandler] (UnityEngine.GameObject target, UnityEngine.EventSystems.BaseEventData eventData, UnityEngine.EventSystems.EventFunction`1 functor) [0x00000] in <filename unknown>:0 
UnityEngine.DebugLogHandler:Internal_LogException(Exception, Object)
UnityEngine.DebugLogHandler:LogException(Exception, Object)
UnityEngine.Logger:LogException(Exception, Object)
UnityEngine.Debug:LogException(Exception)
UnityEngine.EventSystems.ExecuteEvents:Execute(GameObject, BaseEventData, EventFunction`1)
UnityEngine.EventSystems.PointerInputModule:ProcessDrag(PointerEventData)
UnityEngine.EventSystems.StandaloneInputModule:ProcessMouseEvent(Int32)
UnityEngine.EventSystems.StandaloneInputModule:ProcessMouseEvent()
UnityEngine.EventSystems.StandaloneInputModule:Process()
UnityEngine.EventSystems.EventSystem:Update()
 
(Filename:  Line: -1)

DOTWEEN :: An error inside a tween callback was silently taken care of > Array index is out of range.

  at UIController+<HideSecondBtn>c__AnonStorey6.<>m__4 () [0x00000] in <filename unknown>:0 
  at DG.Tweening.Tween.OnTweenCallback (DG.Tweening.TweenCallback callback) [0x00000] in <filename unknown>:0 


 
(Filename: C:/buildslave/unity/build/artifacts/generated/common/runtime/UnityEngineDebugBindings.gen.cpp Line: 42)

DOTWEEN :: An error inside a tween callback was silently taken care of > Array index is out of range.

  at UIController+<HideSecondBtn>c__AnonStorey6.<>m__4 () [0x00000] in <filename unknown>:0 
  at DG.Tweening.Tween.OnTweenCallback (DG.Tweening.TweenCallback callback) [0x00000] in <filename unknown>:0 


 
(Filename: C:/buildslave/unity/build/artifacts/generated/common/runtime/UnityEngineDebugBindings.gen.cpp Line: 42)

DOTWEEN :: An error inside a tween callback was silently taken care of > Array index is out of range.

  at UIController+<HideSecondBtn>c__AnonStorey6.<>m__4 () [0x00000] in <filename unknown>:0 
  at DG.Tweening.Tween.OnTweenCallback (DG.Tweening.TweenCallback callback) [0x00000] in <filename unknown>:0 


 
(Filename: C:/buildslave/unity/build/artifacts/generated/common/runtime/UnityEngineDebugBindings.gen.cpp Line: 42)

DOTWEEN :: An error inside a tween callback was silently taken care of > Array index is out of range.

  at UIController+<HideSecondBtn>c__AnonStorey6.<>m__4 () [0x00000] in <filename unknown>:0 
  at DG.Tweening.Tween.OnTweenCallback (DG.Tweening.TweenCallback callback) [0x00000] in <filename unknown>:0 


 
(Filename: C:/buildslave/unity/build/artifacts/generated/common/runtime/UnityEngineDebugBindings.gen.cpp Line: 42)

LocalEndPoint = 127.0.0.1:61428. RemoteEndPoint = 127.0.0.1:9900
 
(Filename: C:/buildslave/unity/build/artifacts/generated/common/runtime/UnityEngineDebugBindings.gen.cpp Line: 42)

Null
 
(Filename: C:/buildslave/unity/build/artifacts/generated/common/runtime/UnityEngineDebugBindings.gen.cpp Line: 42)

LocalEndPoint = 127.0.0.1:61428. RemoteEndPoint = 127.0.0.1:9900
 
(Filename: C:/buildslave/unity/build/artifacts/generated/common/runtime/UnityEngineDebugBindings.gen.cpp Line: 42)

Null
 
(Filename: C:/buildslave/unity/build/artifacts/generated/common/runtime/UnityEngineDebugBindings.gen.cpp Line: 42)

LocalEndPoint = 127.0.0.1:61428. RemoteEndPoint = 127.0.0.1:9900
 
(Filename: C:/buildslave/unity/build/artifacts/generated/common/runtime/UnityEngineDebugBindings.gen.cpp Line: 42)

Null
 
(Filename: C:/buildslave/unity/build/artifacts/generated/common/runtime/UnityEngineDebugBindings.gen.cpp Line: 42)

LocalEndPoint = 127.0.0.1:61428. RemoteEndPoint = 127.0.0.1:9900
 
(Filename: C:/buildslave/unity/build/artifacts/generated/common/runtime/UnityEngineDebugBindings.gen.cpp Line: 42)

Null
 
(Filename: C:/buildslave/unity/build/artifacts/generated/common/runtime/UnityEngineDebugBindings.gen.cpp Line: 42)

LocalEndPoint = 127.0.0.1:61428. RemoteEndPoint = 127.0.0.1:9900
 
(Filename: C:/buildslave/unity/build/artifacts/generated/common/runtime/UnityEngineDebugBindings.gen.cpp Line: 42)

Null
 
(Filename: C:/buildslave/unity/build/artifacts/generated/common/runtime/UnityEngineDebugBindings.gen.cpp Line: 42)

LocalEndPoint = 127.0.0.1:61428. RemoteEndPoint = 127.0.0.1:9900
 
(Filename: C:/buildslave/unity/build/artifacts/generated/common/runtime/UnityEngineDebugBindings.gen.cpp Line: 42)

Null
 
(Filename: C:/buildslave/unity/build/artifacts/generated/common/runtime/UnityEngineDebugBindings.gen.cpp Line: 42)

LocalEndPoint = 127.0.0.1:61428. RemoteEndPoint = 127.0.0.1:9900
 
(Filename: C:/buildslave/unity/build/artifacts/generated/common/runtime/UnityEngineDebugBindings.gen.cpp Line: 42)

Null
 
(Filename: C:/buildslave/unity/build/artifacts/generated/common/runtime/UnityEngineDebugBindings.gen.cpp Line: 42)

LocalEndPoint = 127.0.0.1:61428. RemoteEndPoint = 127.0.0.1:9900
 
(Filename: C:/buildslave/unity/build/artifacts/generated/common/runtime/UnityEngineDebugBindings.gen.cpp Line: 42)

Null
 
(Filename: C:/buildslave/unity/build/artifacts/generated/common/runtime/UnityEngineDebugBindings.gen.cpp Line: 42)

LocalEndPoint = 127.0.0.1:61428. RemoteEndPoint = 127.0.0.1:9900
 
(Filename: C:/buildslave/unity/build/artifacts/generated/common/runtime/UnityEngineDebugBindings.gen.cpp Line: 42)

Null
 
(Filename: C:/buildslave/unity/build/artifacts/generated/common/runtime/UnityEngineDebugBindings.gen.cpp Line: 42)

LocalEndPoint = 127.0.0.1:61428. RemoteEndPoint = 127.0.0.1:9900
 
(Filename: C:/buildslave/unity/build/artifacts/generated/common/runtime/UnityEngineDebugBindings.gen.cpp Line: 42)

Null
 
(Filename: C:/buildslave/unity/build/artifacts/generated/common/runtime/UnityEngineDebugBindings.gen.cpp Line: 42)

LocalEndPoint = 127.0.0.1:61428. RemoteEndPoint = 127.0.0.1:9900
 
(Filename: C:/buildslave/unity/build/artifacts/generated/common/runtime/UnityEngineDebugBindings.gen.cpp Line: 42)

Null
 
(Filename: C:/buildslave/unity/build/artifacts/generated/common/runtime/UnityEngineDebugBindings.gen.cpp Line: 42)

LocalEndPoint = 127.0.0.1:61428. RemoteEndPoint = 127.0.0.1:9900
 
(Filename: C:/buildslave/unity/build/artifacts/generated/common/runtime/UnityEngineDebugBindings.gen.cpp Line: 42)

Null
 
(Filename: C:/buildslave/unity/build/artifacts/generated/common/runtime/UnityEngineDebugBindings.gen.cpp Line: 42)

LocalEndPoint = 127.0.0.1:61428. RemoteEndPoint = 127.0.0.1:9900
 
(Filename: C:/buildslave/unity/build/artifacts/generated/common/runtime/UnityEngineDebugBindings.gen.cpp Line: 42)

Null
 
(Filename: C:/buildslave/unity/build/artifacts/generated/common/runtime/UnityEngineDebugBindings.gen.cpp Line: 42)

LocalEndPoint = 127.0.0.1:61428. RemoteEndPoint = 127.0.0.1:9900
 
(Filename: C:/buildslave/unity/build/artifacts/generated/common/runtime/UnityEngineDebugBindings.gen.cpp Line: 42)

Null
 
(Filename: C:/buildslave/unity/build/artifacts/generated/common/runtime/UnityEngineDebugBindings.gen.cpp Line: 42)

LocalEndPoint = 127.0.0.1:61428. RemoteEndPoint = 127.0.0.1:9900
 
(Filename: C:/buildslave/unity/build/artifacts/generated/common/runtime/UnityEngineDebugBindings.gen.cpp Line: 42)

Null
 
(Filename: C:/buildslave/unity/build/artifacts/generated/common/runtime/UnityEngineDebugBindings.gen.cpp Line: 42)

LocalEndPoint = 127.0.0.1:61428. RemoteEndPoint = 127.0.0.1:9900
 
(Filename: C:/buildslave/unity/build/artifacts/generated/common/runtime/UnityEngineDebugBindings.gen.cpp Line: 42)

Null
 
(Filename: C:/buildslave/unity/build/artifacts/generated/common/runtime/UnityEngineDebugBindings.gen.cpp Line: 42)

Setting up 2 worker threads for Enlighten.
  Thread -> id: 511c -> priority: 1 
  Thread -> id: 2f68 -> priority: 1 
